[2025-06-17 16:26:46] local.INFO: Incoming proxy request {"method":"GET","service":"live_room_service","path":"rooms","body":[]} 
[2025-06-17 16:44:25] local.INFO: Incoming proxy request {"method":"GET","service":"live_room_service","path":"rooms","body":[]} 
[2025-06-17 16:49:52] local.INFO: Incoming proxy request {"method":"GET","service":"live_room_service","path":"rooms","body":[]} 
[2025-06-17 16:49:54] local.INFO: Incoming proxy request {"method":"POST","service":"subscription_service","path":"subscribe","body":{"user_id":13,"room_id":17}} 
[2025-06-17 16:50:34] local.INFO: Incoming proxy request {"method":"GET","service":"live_room_service","path":"rooms","body":[]} 
[2025-06-17 16:51:38] local.INFO: Incoming proxy request {"method":"GET","service":"live_room_service","path":"rooms","body":[]} 
[2025-06-17 16:51:40] local.INFO: Incoming proxy request {"method":"POST","service":"subscription_service","path":"subscribe","body":{"user_id":13,"room_id":16}} 
[2025-06-17 16:52:04] local.INFO: Incoming proxy request {"method":"POST","service":"subscription_service","path":"subscribe","body":{"user_id":13,"room_id":20}} 
[2025-06-17 16:52:06] local.INFO: Incoming proxy request {"method":"POST","service":"subscription_service","path":"subscribe","body":{"user_id":13,"room_id":20}} 
[2025-06-17 16:52:09] local.INFO: Incoming proxy request {"method":"POST","service":"subscription_service","path":"subscribe","body":{"user_id":13,"room_id":20}} 
[2025-06-17 16:52:14] local.INFO: Incoming proxy request {"method":"POST","service":"subscription_service","path":"subscribe","body":{"user_id":13,"room_id":20}} 
[2025-06-17 16:52:31] local.INFO: Incoming proxy request {"method":"POST","service":"subscription_service","path":"subscribe","body":{"user_id":13,"room_id":17}} 
[2025-06-17 16:52:33] local.INFO: Incoming proxy request {"method":"POST","service":"subscription_service","path":"subscribe","body":{"user_id":13,"room_id":11}} 
[2025-06-17 16:53:37] local.INFO: Incoming proxy request {"method":"GET","service":"live_room_service","path":"rooms","body":[]} 
[2025-06-17 16:53:38] local.INFO: Incoming proxy request {"method":"POST","service":"subscription_service","path":"subscribe","body":{"user_id":13,"room_id":16}} 
[2025-06-17 16:53:41] local.INFO: Incoming proxy request {"method":"POST","service":"subscription_service","path":"subscribe","body":{"user_id":13,"room_id":11}} 
[2025-06-17 16:53:44] local.INFO: Incoming proxy request {"method":"POST","service":"subscription_service","path":"subscribe","body":{"user_id":13,"room_id":17}} 
[2025-06-17 16:55:25] local.INFO: Incoming proxy request {"method":"GET","service":"live_room_service","path":"rooms","body":[]} 
[2025-06-17 16:55:26] local.INFO: Incoming proxy request {"method":"POST","service":"subscription_service","path":"subscribe","body":{"user_id":13,"room_id":16}} 
[2025-06-17 16:55:28] local.INFO: Incoming proxy request {"method":"POST","service":"subscription_service","path":"subscribe","body":{"user_id":13,"room_id":17}} 
[2025-06-17 16:55:30] local.INFO: Incoming proxy request {"method":"POST","service":"subscription_service","path":"subscribe","body":{"user_id":13,"room_id":18}} 
[2025-06-17 16:56:25] local.INFO: Incoming proxy request {"method":"GET","service":"live_room_service","path":"rooms","body":[]} 
[2025-06-17 16:56:26] local.INFO: Incoming proxy request {"method":"POST","service":"subscription_service","path":"subscribe","body":{"user_id":13,"room_id":16}} 
[2025-06-17 16:56:27] local.INFO: Incoming proxy request {"method":"POST","service":"subscription_service","path":"subscribe","body":{"user_id":13,"room_id":17}} 
[2025-06-17 16:56:53] local.INFO: Incoming proxy request {"method":"GET","service":"live_room_service","path":"rooms","body":[]} 
[2025-06-17 16:56:54] local.INFO: Incoming proxy request {"method":"POST","service":"subscription_service","path":"subscribe","body":{"user_id":13,"room_id":16}} 
[2025-06-17 16:56:56] local.INFO: Incoming proxy request {"method":"POST","service":"subscription_service","path":"subscribe","body":{"user_id":13,"room_id":17}} 
[2025-06-17 16:56:58] local.INFO: Incoming proxy request {"method":"POST","service":"subscription_service","path":"subscribe","body":{"user_id":13,"room_id":18}} 
[2025-06-17 16:57:01] local.INFO: Incoming proxy request {"method":"POST","service":"subscription_service","path":"subscribe","body":{"user_id":13,"room_id":19}} 
[2025-06-17 16:57:06] local.INFO: Incoming proxy request {"method":"POST","service":"subscription_service","path":"subscribe","body":{"user_id":13,"room_id":13}} 
[2025-06-17 16:57:08] local.INFO: Incoming proxy request {"method":"POST","service":"subscription_service","path":"subscribe","body":{"user_id":13,"room_id":12}} 
[2025-06-17 16:57:09] local.INFO: Incoming proxy request {"method":"POST","service":"subscription_service","path":"subscribe","body":{"user_id":13,"room_id":12}} 
[2025-06-17 16:57:33] local.INFO: Incoming proxy request {"method":"POST","service":"subscription_service","path":"subscribe","body":{"user_id":13,"room_id":16}} 
[2025-06-17 16:57:37] local.INFO: Incoming proxy request {"method":"POST","service":"subscription_service","path":"subscribe","body":{"user_id":13,"room_id":17}} 
[2025-06-17 16:58:02] local.INFO: Incoming proxy request {"method":"GET","service":"live_room_service","path":"rooms","body":[]} 
[2025-06-17 16:58:03] local.INFO: Incoming proxy request {"method":"GET","service":"live_room_service","path":"rooms","body":[]} 
[2025-06-17 16:58:06] local.INFO: Incoming proxy request {"method":"POST","service":"subscription_service","path":"subscribe","body":{"user_id":13,"room_id":16}} 
[2025-06-17 16:58:07] local.INFO: Incoming proxy request {"method":"POST","service":"subscription_service","path":"subscribe","body":{"user_id":13,"room_id":17}} 
[2025-06-17 16:58:09] local.INFO: Incoming proxy request {"method":"POST","service":"subscription_service","path":"subscribe","body":{"user_id":13,"room_id":12}} 
[2025-06-17 16:58:11] local.INFO: Incoming proxy request {"method":"POST","service":"subscription_service","path":"subscribe","body":{"user_id":13,"room_id":13}} 
[2025-06-17 16:58:13] local.INFO: Incoming proxy request {"method":"POST","service":"subscription_service","path":"subscribe","body":{"user_id":13,"room_id":14}} 
[2025-06-17 17:19:33] local.INFO: Incoming proxy request {"method":"POST","service":"subscription_service","path":"subscribe","body":{"user_id":13,"room_id":17}} 
[2025-06-17 17:19:34] local.INFO: Incoming proxy request {"method":"POST","service":"subscription_service","path":"subscribe","body":{"user_id":13,"room_id":18}} 
[2025-06-17 17:19:37] local.INFO: Incoming proxy request {"method":"POST","service":"subscription_service","path":"subscribe","body":{"user_id":13,"room_id":19}} 
[2025-06-17 17:43:10] local.INFO: Incoming proxy request {"method":"GET","service":"live_room_service","path":"rooms","body":[]} 
[2025-06-17 17:46:11] local.INFO: Incoming proxy request {"method":"GET","service":"live_room_service","path":"rooms","body":[]} 
[2025-06-17 17:46:38] local.INFO: Incoming proxy request {"method":"GET","service":"live_room_service","path":"rooms","body":[]} 
[2025-06-17 17:46:46] local.INFO: Incoming proxy request {"method":"GET","service":"live_room_service","path":"rooms","body":[]} 
[2025-06-17 17:49:59] local.INFO: Incoming proxy request {"method":"GET","service":"subscription_service","path":"subscribe/list","body":[]} 
[2025-06-17 17:49:59] local.INFO: Incoming proxy request {"method":"GET","service":"subscription_service","path":"subscribe/list","body":[]} 
[2025-06-17 17:51:29] local.INFO: Incoming proxy request {"method":"POST","service":"subscription_service","path":"subscribe/list","body":{"user_id":13}} 
[2025-06-17 17:51:30] local.INFO: Incoming proxy request {"method":"POST","service":"subscription_service","path":"subscribe/list","body":{"user_id":13}} 
[2025-06-17 17:51:45] local.INFO: Incoming proxy request {"method":"POST","service":"subscription_service","path":"subscribe/list","body":{"user_id":13}} 
[2025-06-17 17:57:29] local.INFO: Incoming proxy request {"method":"GET","service":"live_room_service","path":"rooms","body":[]} 
[2025-06-17 18:19:06] local.INFO: Incoming proxy request {"method":"GET","service":"live_room_service","path":"rooms","body":[]} 
[2025-06-17 18:19:08] local.INFO: Incoming proxy request {"method":"POST","service":"subscription_service","path":"subscribe","body":{"user_id":13,"room_id":20}} 
[2025-06-17 18:20:04] local.INFO: Incoming proxy request {"method":"GET","service":"subscription_service","path":"subscribe/list","body":{"user_id":1}} 
[2025-06-17 18:22:46] local.INFO: Incoming proxy request {"method":"GET","service":"subscription_service","path":"subscribe/list","body":{"user_id":"13"}} 
[2025-06-17 18:22:47] local.INFO: Incoming proxy request {"method":"GET","service":"subscription_service","path":"subscribe/list","body":{"user_id":"13"}} 
[2025-06-17 18:22:57] local.INFO: Incoming proxy request {"method":"GET","service":"subscription_service","path":"subscribe/list","body":{"user_id":"13"}} 
[2025-06-17 18:22:58] local.INFO: Incoming proxy request {"method":"GET","service":"subscription_service","path":"subscribe/list","body":{"user_id":"13"}} 
[2025-06-17 18:23:08] local.INFO: Incoming proxy request {"method":"GET","service":"subscription_service","path":"subscribe/list","body":{"user_id":"13"}} 
[2025-06-17 18:23:08] local.INFO: Incoming proxy request {"method":"GET","service":"subscription_service","path":"subscribe/list","body":{"user_id":"13"}} 
[2025-06-17 18:23:50] local.INFO: Incoming proxy request {"method":"GET","service":"subscription_service","path":"subscribe/list","body":{"user_id":"13"}} 
[2025-06-17 18:23:50] local.INFO: Incoming proxy request {"method":"GET","service":"subscription_service","path":"subscribe/list","body":{"user_id":"13"}} 
[2025-06-17 18:23:57] local.INFO: Incoming proxy request {"method":"GET","service":"subscription_service","path":"subscribe/list","body":{"user_id":"13"}} 
[2025-06-17 18:24:02] local.INFO: Incoming proxy request {"method":"GET","service":"subscription_service","path":"subscribe/list","body":{"user_id":"13"}} 
[2025-06-17 18:24:26] local.INFO: Incoming proxy request {"method":"GET","service":"subscription_service","path":"subscribe/list","body":{"user_id":"13"}} 
[2025-06-17 18:24:26] local.INFO: Incoming proxy request {"method":"GET","service":"subscription_service","path":"subscribe/list","body":{"user_id":"13"}} 
[2025-06-17 18:25:58] local.INFO: Incoming proxy request {"method":"GET","service":"subscription_service","path":"subscribe/list","body":{"user_id":1}} 
[2025-06-17 18:27:38] local.INFO: Incoming proxy request {"method":"GET","service":"subscription_service","path":"subscribe/list","body":{"user_id":1}} 
[2025-06-17 18:28:47] local.INFO: Incoming proxy request {"method":"GET","service":"subscription_service","path":"subscribe/list","body":{"user_id":1}} 
[2025-06-17 18:28:56] local.INFO: Incoming proxy request {"method":"GET","service":"subscription_service","path":"subscribe/list","body":{"user_id":"13"}} 
[2025-06-17 18:29:53] local.INFO: Incoming proxy request {"method":"GET","service":"subscription_service","path":"subscribe/list","body":{"user_id":"13"}} 
[2025-06-17 18:30:23] local.INFO: Incoming proxy request {"method":"GET","service":"subscription_service","path":"subscribe/list","body":{"user_id":"13"}} 
[2025-06-17 18:30:32] local.INFO: Incoming proxy request {"method":"GET","service":"subscription_service","path":"subscribe/list","body":{"user_id":"13"}} 
[2025-06-17 18:30:44] local.INFO: Incoming proxy request {"method":"GET","service":"subscription_service","path":"subscribe/list","body":{"user_id":"13"}} 
[2025-06-17 18:30:48] local.INFO: Incoming proxy request {"method":"GET","service":"subscription_service","path":"subscribe/list","body":{"user_id":"13"}} 
[2025-06-17 18:30:54] local.INFO: Incoming proxy request {"method":"GET","service":"subscription_service","path":"subscribe/list","body":{"user_id":"13"}} 
[2025-06-17 18:31:06] local.INFO: Incoming proxy request {"method":"GET","service":"subscription_service","path":"subscribe/list","body":{"user_id":"13"}} 
[2025-06-17 18:31:13] local.INFO: Incoming proxy request {"method":"GET","service":"subscription_service","path":"subscribe/list","body":{"user_id":"13"}} 
[2025-06-17 18:31:18] local.INFO: Incoming proxy request {"method":"GET","service":"subscription_service","path":"subscribe/list","body":{"user_id":"13"}} 
[2025-06-17 18:32:06] local.INFO: Incoming proxy request {"method":"GET","service":"live_room_service","path":"rooms","body":[]} 
[2025-06-17 18:32:06] local.INFO: Incoming proxy request {"method":"GET","service":"subscription_service","path":"subscribe/list","body":{"user_id":"13"}} 
[2025-06-17 18:33:30] local.INFO: Incoming proxy request {"method":"GET","service":"subscription_service","path":"subscribe/list","body":{"user_id":"13"}} 
[2025-06-17 18:34:08] local.INFO: Incoming proxy request {"method":"GET","service":"subscription_service","path":"subscribe/list","body":{"user_id":"13"}} 
[2025-06-17 18:34:33] local.INFO: Incoming proxy request {"method":"GET","service":"subscription_service","path":"subscribe/list","body":{"user_id":"13"}} 
[2025-06-17 18:34:47] local.INFO: Incoming proxy request {"method":"GET","service":"live_room_service","path":"rooms","body":[]} 
[2025-06-17 18:34:54] local.INFO: Incoming proxy request {"method":"GET","service":"live_room_service","path":"rooms","body":[]} 
[2025-06-17 18:34:59] local.INFO: Incoming proxy request {"method":"GET","service":"live_room_service","path":"rooms","body":[]} 
[2025-06-17 18:35:06] local.INFO: Incoming proxy request {"method":"GET","service":"live_room_service","path":"rooms","body":[]} 
[2025-06-17 18:35:23] local.INFO: Incoming proxy request {"method":"GET","service":"live_room_service","path":"rooms","body":[]} 
[2025-06-17 18:35:25] local.INFO: Incoming proxy request {"method":"GET","service":"subscription_service","path":"subscribe/list","body":{"user_id":"12"}} 
[2025-06-17 18:35:27] local.INFO: Incoming proxy request {"method":"GET","service":"live_room_service","path":"rooms","body":[]} 
[2025-06-17 18:35:28] local.INFO: Incoming proxy request {"method":"POST","service":"subscription_service","path":"subscribe","body":{"user_id":12,"room_id":20}} 
[2025-06-17 18:35:29] local.INFO: Incoming proxy request {"method":"GET","service":"subscription_service","path":"subscribe/list","body":{"user_id":"12"}} 
[2025-06-17 18:35:32] local.INFO: Incoming proxy request {"method":"GET","service":"live_room_service","path":"rooms","body":[]} 
[2025-06-17 18:35:39] local.INFO: Incoming proxy request {"method":"GET","service":"live_room_service","path":"rooms","body":[]} 
[2025-06-17 18:39:39] local.INFO: Incoming proxy request {"method":"GET","service":"live_room_service","path":"rooms","body":[]} 
[2025-06-17 18:40:33] local.INFO: Incoming proxy request {"method":"GET","service":"live_room_service","path":"rooms","body":[]} 
[2025-06-17 18:41:06] local.INFO: Incoming proxy request {"method":"GET","service":"live_room_service","path":"rooms","body":[]} 
[2025-06-17 18:41:24] local.INFO: Incoming proxy request {"method":"GET","service":"live_room_service","path":"rooms","body":[]} 
[2025-06-17 18:41:27] local.INFO: Incoming proxy request {"method":"POST","service":"subscription_service","path":"subscribe","body":{"user_id":12,"room_id":20}} 
[2025-06-17 18:41:30] local.INFO: Incoming proxy request {"method":"POST","service":"subscription_service","path":"subscribe","body":{"user_id":12,"room_id":16}} 
[2025-06-17 18:41:56] local.INFO: Incoming proxy request {"method":"GET","service":"live_room_service","path":"rooms","body":[]} 
[2025-06-17 18:42:02] local.INFO: Incoming proxy request {"method":"GET","service":"live_room_service","path":"rooms","body":[]} 
[2025-06-17 18:42:05] local.INFO: Incoming proxy request {"method":"POST","service":"subscription_service","path":"subscribe","body":{"user_id":12,"room_id":17}} 
[2025-06-17 18:43:24] local.INFO: Incoming proxy request {"method":"GET","service":"live_room_service","path":"rooms","body":[]} 
[2025-06-17 18:43:36] local.INFO: Incoming proxy request {"method":"GET","service":"live_room_service","path":"rooms","body":[]} 
[2025-06-17 18:43:43] local.INFO: Incoming proxy request {"method":"GET","service":"live_room_service","path":"rooms","body":[]} 
[2025-06-17 18:44:45] local.INFO: Incoming proxy request {"method":"GET","service":"live_room_service","path":"rooms","body":[]} 
[2025-06-17 18:45:15] local.INFO: Incoming proxy request {"method":"GET","service":"live_room_service","path":"rooms","body":[]} 
[2025-06-17 18:45:20] local.INFO: Incoming proxy request {"method":"GET","service":"live_room_service","path":"rooms","body":[]} 
[2025-06-17 18:50:42] local.INFO: Incoming proxy request {"method":"GET","service":"live_room_service","path":"rooms","body":[]} 
[2025-06-17 18:50:49] local.INFO: Incoming proxy request {"method":"GET","service":"live_room_service","path":"rooms","body":[]} 
[2025-06-17 18:52:47] local.INFO: Incoming proxy request {"method":"GET","service":"live_room_service","path":"rooms","body":[]} 
[2025-06-17 18:52:48] local.INFO: Incoming proxy request {"method":"GET","service":"live_room_service","path":"rooms/filter","body":{"user_id":"12","filter":"today"}} 
[2025-06-17 18:52:50] local.INFO: Incoming proxy request {"method":"GET","service":"live_room_service","path":"rooms/filter","body":{"user_id":"12","filter":"tomorrow"}} 
[2025-06-17 18:52:51] local.INFO: Incoming proxy request {"method":"GET","service":"live_room_service","path":"rooms/filter","body":{"user_id":"12","filter":"live_now"}} 
[2025-06-17 18:52:53] local.INFO: Incoming proxy request {"method":"GET","service":"live_room_service","path":"rooms/filter","body":{"user_id":"12","filter":"today"}} 
[2025-06-17 18:52:53] local.INFO: Incoming proxy request {"method":"GET","service":"live_room_service","path":"rooms/filter","body":{"user_id":"12","filter":"tomorrow"}} 
[2025-06-17 18:53:03] local.INFO: Incoming proxy request {"method":"GET","service":"live_room_service","path":"rooms/filter","body":{"user_id":"12","filter":"live_now"}} 
[2025-06-17 18:53:04] local.INFO: Incoming proxy request {"method":"GET","service":"live_room_service","path":"rooms/filter","body":{"user_id":"12","filter":"today"}} 
[2025-06-17 18:54:28] local.INFO: Incoming proxy request {"method":"GET","service":"live_room_service","path":"rooms/filter","body":{"user_id":"12","filter":"live_now"}} 
[2025-06-17 18:54:28] local.INFO: Incoming proxy request {"method":"GET","service":"live_room_service","path":"rooms/filter","body":{"user_id":"12","filter":"today"}} 
[2025-06-17 18:54:29] local.INFO: Incoming proxy request {"method":"GET","service":"live_room_service","path":"rooms/filter","body":{"user_id":"12","filter":"tomorrow"}} 
[2025-06-17 18:55:13] local.INFO: Incoming proxy request {"method":"GET","service":"live_room_service","path":"rooms/filter","body":{"user_id":"12","filter":"live_now"}} 
[2025-06-17 18:55:14] local.INFO: Incoming proxy request {"method":"GET","service":"live_room_service","path":"rooms/filter","body":{"user_id":"12","filter":"today"}} 
[2025-06-17 18:55:32] local.INFO: Incoming proxy request {"method":"POST","service":"subscription_service","path":"subscribe","body":{"user_id":12,"room_id":20}} 
[2025-06-17 18:55:33] local.INFO: Incoming proxy request {"method":"GET","service":"live_room_service","path":"rooms/filter","body":{"user_id":"12","filter":"today"}} 
[2025-06-17 18:55:34] local.INFO: Incoming proxy request {"method":"GET","service":"live_room_service","path":"rooms/filter","body":{"user_id":"12","filter":"tomorrow"}} 
[2025-06-17 18:56:17] local.INFO: Incoming proxy request {"method":"GET","service":"live_room_service","path":"rooms/filter","body":{"user_id":"12","filter":"today"}} 
[2025-06-17 18:56:51] local.INFO: Incoming proxy request {"method":"GET","service":"live_room_service","path":"rooms/filter","body":{"user_id":"12","filter":"live_now"}} 
[2025-06-17 18:57:10] local.INFO: Incoming proxy request {"method":"GET","service":"live_room_service","path":"rooms/filter","body":{"user_id":"12","filter":"today"}} 
[2025-06-17 18:57:49] local.INFO: Incoming proxy request {"method":"GET","service":"live_room_service","path":"rooms/filter","body":{"user_id":"12","filter":"live_now"}} 
[2025-06-17 18:59:52] local.INFO: Incoming proxy request {"method":"GET","service":"live_room_service","path":"rooms","body":[]} 
[2025-06-17 18:59:53] local.INFO: Incoming proxy request {"method":"GET","service":"live_room_service","path":"rooms/filter/option","body":{"filter":"today"}} 
[2025-06-17 19:00:06] local.INFO: Incoming proxy request {"method":"GET","service":"live_room_service","path":"rooms/filter/option","body":{"filter":"live_now"}} 
[2025-06-17 19:00:13] local.INFO: Incoming proxy request {"method":"GET","service":"live_room_service","path":"rooms/filter/option","body":{"filter":"today"}} 
[2025-06-17 19:00:13] local.INFO: Incoming proxy request {"method":"GET","service":"live_room_service","path":"rooms/filter/option","body":{"filter":"tomorrow"}} 
[2025-06-17 19:00:15] local.INFO: Incoming proxy request {"method":"GET","service":"live_room_service","path":"rooms/filter/option","body":{"filter":"live_now"}} 
[2025-06-17 19:00:15] local.INFO: Incoming proxy request {"method":"GET","service":"live_room_service","path":"rooms/filter/option","body":{"filter":"today"}} 
[2025-06-17 19:00:16] local.INFO: Incoming proxy request {"method":"GET","service":"live_room_service","path":"rooms/filter/option","body":{"filter":"tomorrow"}} 
[2025-06-17 19:00:17] local.INFO: Incoming proxy request {"method":"GET","service":"live_room_service","path":"rooms/filter/option","body":{"filter":"live_now"}} 
[2025-06-17 19:00:19] local.INFO: Incoming proxy request {"method":"GET","service":"subscription_service","path":"subscribe/list","body":{"user_id":"12"}} 
[2025-06-17 19:03:19] local.INFO: Incoming proxy request {"method":"GET","service":"live_room_service","path":"rooms","body":[]} 
[2025-06-17 19:04:05] local.INFO: Incoming proxy request {"method":"GET","service":"live_room_service","path":"rooms","body":[]} 
[2025-06-17 19:04:06] local.INFO: Incoming proxy request {"method":"GET","service":"live_room_service","path":"rooms/filter/option","body":{"filter":"live_now"}} 
[2025-06-17 19:04:07] local.INFO: Incoming proxy request {"method":"GET","service":"live_room_service","path":"rooms/filter/option","body":{"filter":"today"}} 
[2025-06-17 19:04:08] local.INFO: Incoming proxy request {"method":"GET","service":"live_room_service","path":"rooms/filter/option","body":{"filter":"tomorrow"}} 
[2025-06-17 19:04:09] local.INFO: Incoming proxy request {"method":"GET","service":"live_room_service","path":"rooms/filter/option","body":{"filter":"live_now"}} 
[2025-06-17 19:04:34] local.INFO: Incoming proxy request {"method":"GET","service":"live_room_service","path":"rooms","body":[]} 
[2025-06-17 19:04:40] local.INFO: Incoming proxy request {"method":"GET","service":"live_room_service","path":"rooms/filter/option","body":{"filter":"live_now"}} 
[2025-06-17 19:04:40] local.INFO: Incoming proxy request {"method":"GET","service":"live_room_service","path":"rooms/filter/option","body":{"filter":"all"}} 
[2025-06-17 19:04:42] local.INFO: Incoming proxy request {"method":"GET","service":"live_room_service","path":"rooms/filter/option","body":{"filter":"live_now"}} 
[2025-06-17 19:04:43] local.INFO: Incoming proxy request {"method":"GET","service":"live_room_service","path":"rooms/filter/option","body":{"filter":"today"}} 
[2025-06-17 19:04:43] local.INFO: Incoming proxy request {"method":"GET","service":"live_room_service","path":"rooms/filter/option","body":{"filter":"tomorrow"}} 
[2025-06-17 19:04:44] local.INFO: Incoming proxy request {"method":"GET","service":"live_room_service","path":"rooms/filter/option","body":{"filter":"today"}} 
[2025-06-17 19:04:44] local.INFO: Incoming proxy request {"method":"GET","service":"live_room_service","path":"rooms/filter/option","body":{"filter":"live_now"}} 
[2025-06-17 19:04:45] local.INFO: Incoming proxy request {"method":"GET","service":"live_room_service","path":"rooms/filter/option","body":{"filter":"all"}} 
[2025-06-17 19:06:32] local.INFO: Incoming proxy request {"method":"GET","service":"live_room_service","path":"rooms/filter/option","body":{"filter":"live_now"}} 
[2025-06-17 19:06:33] local.INFO: Incoming proxy request {"method":"GET","service":"live_room_service","path":"rooms/filter/option","body":{"filter":"all"}} 
[2025-06-17 19:06:35] local.INFO: Incoming proxy request {"method":"GET","service":"live_room_service","path":"rooms/filter/option","body":{"filter":"live_now"}} 
[2025-06-17 19:06:35] local.INFO: Incoming proxy request {"method":"GET","service":"live_room_service","path":"rooms/filter/option","body":{"filter":"today"}} 
[2025-06-17 19:06:35] local.INFO: Incoming proxy request {"method":"GET","service":"live_room_service","path":"rooms/filter/option","body":{"filter":"tomorrow"}} 
[2025-06-17 19:06:49] local.INFO: Incoming proxy request {"method":"GET","service":"live_room_service","path":"rooms/filter/option","body":{"filter":"all"}} 
[2025-06-17 19:08:15] local.INFO: Incoming proxy request {"method":"GET","service":"live_room_service","path":"rooms","body":[]} 
[2025-06-17 19:08:18] local.INFO: Incoming proxy request {"method":"GET","service":"live_room_service","path":"rooms/filter/option","body":{"filter":"live_now"}} 
[2025-06-17 19:08:48] local.INFO: Incoming proxy request {"method":"GET","service":"live_room_service","path":"rooms/filter/option","body":{"filter":"all"}} 
[2025-06-17 19:08:48] local.INFO: Incoming proxy request {"method":"GET","service":"live_room_service","path":"rooms/filter/option","body":{"filter":"live_now"}} 
[2025-06-17 19:08:49] local.INFO: Incoming proxy request {"method":"GET","service":"live_room_service","path":"rooms/filter/option","body":{"filter":"today"}} 
[2025-06-17 19:08:50] local.INFO: Incoming proxy request {"method":"GET","service":"live_room_service","path":"rooms/filter/option","body":{"filter":"tomorrow"}} 
[2025-06-17 19:08:51] local.INFO: Incoming proxy request {"method":"GET","service":"live_room_service","path":"rooms/filter/option","body":{"filter":"all"}} 
[2025-06-17 19:08:52] local.INFO: Incoming proxy request {"method":"GET","service":"live_room_service","path":"rooms/filter/option","body":{"filter":"live_now"}} 
[2025-06-17 19:08:52] local.INFO: Incoming proxy request {"method":"GET","service":"live_room_service","path":"rooms/filter/option","body":{"filter":"live_now"}} 
[2025-06-17 19:08:53] local.INFO: Incoming proxy request {"method":"GET","service":"live_room_service","path":"rooms/filter/option","body":{"filter":"today"}} 
[2025-06-17 19:08:56] local.INFO: Incoming proxy request {"method":"GET","service":"live_room_service","path":"rooms/filter/option","body":{"filter":"tomorrow"}} 
[2025-06-17 19:08:57] local.INFO: Incoming proxy request {"method":"GET","service":"live_room_service","path":"rooms/filter/option","body":{"filter":"all"}} 
[2025-06-17 19:48:03] local.INFO: Incoming proxy request {"method":"GET","service":"subscription_service","path":"subscribe/list","body":{"user_id":"12"}} 
[2025-06-17 19:49:35] local.INFO: Incoming proxy request {"method":"GET","service":"live_room_service","path":"rooms","body":[]} 
[2025-06-17 19:49:37] local.INFO: Incoming proxy request {"method":"GET","service":"live_room_service","path":"rooms/filter/option","body":{"filter":"live_now"}} 
[2025-06-17 19:49:38] local.INFO: Incoming proxy request {"method":"GET","service":"live_room_service","path":"rooms/filter/option","body":{"filter":"today"}} 
[2025-06-17 19:49:39] local.INFO: Incoming proxy request {"method":"GET","service":"live_room_service","path":"rooms/filter/option","body":{"filter":"tomorrow"}} 
[2025-06-17 19:49:39] local.INFO: Incoming proxy request {"method":"GET","service":"live_room_service","path":"rooms/filter/option","body":{"filter":"today"}} 
[2025-06-17 19:49:41] local.INFO: Incoming proxy request {"method":"GET","service":"live_room_service","path":"rooms/filter/option","body":{"filter":"live_now"}} 
[2025-06-17 19:49:42] local.INFO: Incoming proxy request {"method":"GET","service":"live_room_service","path":"rooms/filter/option","body":{"filter":"tomorrow"}} 
[2025-06-17 19:50:06] local.INFO: Incoming proxy request {"method":"GET","service":"subscription_service","path":"subscribe/list","body":{"user_id":"12"}} 
[2025-06-17 19:50:07] local.INFO: Incoming proxy request {"method":"GET","service":"live_room_service","path":"rooms","body":[]} 
[2025-06-17 20:03:42] local.INFO: Incoming proxy request {"method":"GET","service":"live_room_service","path":"rooms","body":[]} 
