[2025-06-13 11:18:53] local.ERROR: SQLSTATE[08006] [7] connection to server at "127.0.0.1", port 5432 failed: FATAL:  role "root" does not exist (SQL: insert into "oauth_clients" ("user_id", "name", "secret", "provider", "redirect", "personal_access_client", "password_client", "revoked", "updated_at", "created_at") values (?, Laravel Personal Access Client, cmFsIQfJftPIq93CCq5W73hY8AVCyO1n8Q20Tux0, ?, http://localhost, 1, 0, 0, 2025-06-13 11:18:53, 2025-06-13 11:18:53) returning "id") {"exception":"[object] (Illuminate\\Database\\QueryException(code: 7): SQLSTATE[08006] [7] connection to server at \"127.0.0.1\", port 5432 failed: FATAL:  role \"root\" does not exist (SQL: insert into \"oauth_clients\" (\"user_id\", \"name\", \"secret\", \"provider\", \"redirect\", \"personal_access_client\", \"password_client\", \"revoked\", \"updated_at\", \"created_at\") values (?, Laravel Personal Access Client, cmFsIQfJftPIq93CCq5W73hY8AVCyO1n8Q20Tux0, ?, http://localhost, 1, 0, 0, 2025-06-13 11:18:53, 2025-06-13 11:18:53) returning \"id\") at /Users/spidey/Codetions/Mine/code_test/live-rooms-platform/api-gateway/vendor/laravel/framework/src/Illuminate/Database/Connection.php:712)
[stacktrace]
#0 /Users/spidey/Codetions/Mine/code_test/live-rooms-platform/api-gateway/vendor/laravel/framework/src/Illuminate/Database/Connection.php(672): Illuminate\\Database\\Connection->runQueryCallback('insert into \"oa...', Array, Object(Closure))
#1 /Users/spidey/Codetions/Mine/code_test/live-rooms-platform/api-gateway/vendor/laravel/framework/src/Illuminate/Database/Connection.php(359): Illuminate\\Database\\Connection->run('insert into \"oa...', Array, Object(Closure))
#2 /Users/spidey/Codetions/Mine/code_test/live-rooms-platform/api-gateway/vendor/laravel/framework/src/Illuminate/Database/Connection.php(346): Illuminate\\Database\\Connection->select('insert into \"oa...', Array, false)
#3 /Users/spidey/Codetions/Mine/code_test/live-rooms-platform/api-gateway/vendor/laravel/framework/src/Illuminate/Database/Query/Processors/PostgresProcessor.php(24): Illuminate\\Database\\Connection->selectFromWriteConnection('insert into \"oa...', Array)
#4 /Users/spidey/Codetions/Mine/code_test/live-rooms-platform/api-gateway/vendor/laravel/framework/src/Illuminate/Database/Query/Builder.php(3028): Illuminate\\Database\\Query\\Processors\\PostgresProcessor->processInsertGetId(Object(Illuminate\\Database\\Query\\Builder), 'insert into \"oa...', Array, 'id')
#5 /Users/spidey/Codetions/Mine/code_test/live-rooms-platform/api-gateway/vendor/laravel/framework/src/Illuminate/Database/Eloquent/Builder.php(1657): Illuminate\\Database\\Query\\Builder->insertGetId(Array, 'id')
#6 /Users/spidey/Codetions/Mine/code_test/live-rooms-platform/api-gateway/vendor/laravel/framework/src/Illuminate/Database/Eloquent/Model.php(1188): Illuminate\\Database\\Eloquent\\Builder->__call('insertGetId', Array)
#7 /Users/spidey/Codetions/Mine/code_test/live-rooms-platform/api-gateway/vendor/laravel/framework/src/Illuminate/Database/Eloquent/Model.php(1153): Illuminate\\Database\\Eloquent\\Model->insertAndSetId(Object(Illuminate\\Database\\Eloquent\\Builder), Array)
#8 /Users/spidey/Codetions/Mine/code_test/live-rooms-platform/api-gateway/vendor/laravel/framework/src/Illuminate/Database/Eloquent/Model.php(994): Illuminate\\Database\\Eloquent\\Model->performInsert(Object(Illuminate\\Database\\Eloquent\\Builder))
#9 /Users/spidey/Codetions/Mine/code_test/live-rooms-platform/api-gateway/vendor/laravel/passport/src/ClientRepository.php(153): Illuminate\\Database\\Eloquent\\Model->save()
#10 /Users/spidey/Codetions/Mine/code_test/live-rooms-platform/api-gateway/vendor/laravel/passport/src/ClientRepository.php(168): Laravel\\Passport\\ClientRepository->create(NULL, 'Laravel Persona...', 'http://localhos...', NULL, true)
#11 /Users/spidey/Codetions/Mine/code_test/live-rooms-platform/api-gateway/vendor/laravel/passport/src/Console/ClientCommand.php(66): Laravel\\Passport\\ClientRepository->createPersonalAccessClient(NULL, 'Laravel Persona...', 'http://localhos...')
#12 /Users/spidey/Codetions/Mine/code_test/live-rooms-platform/api-gateway/vendor/laravel/passport/src/Console/ClientCommand.php(43): Laravel\\Passport\\Console\\ClientCommand->createPersonalClient(Object(Laravel\\Passport\\ClientRepository))
#13 /Users/spidey/Codetions/Mine/code_test/live-rooms-platform/api-gateway/vendor/laravel/framework/src/Illuminate/Container/BoundMethod.php(36): Laravel\\Passport\\Console\\ClientCommand->handle(Object(Laravel\\Passport\\ClientRepository))
#14 /Users/spidey/Codetions/Mine/code_test/live-rooms-platform/api-gateway/vendor/laravel/framework/src/Illuminate/Container/Util.php(40): Illuminate\\Container\\BoundMethod::Illuminate\\Container\\{closure}()
#15 /Users/spidey/Codetions/Mine/code_test/live-rooms-platform/api-gateway/vendor/laravel/framework/src/Illuminate/Container/BoundMethod.php(93): Illuminate\\Container\\Util::unwrapIfClosure(Object(Closure))
#16 /Users/spidey/Codetions/Mine/code_test/live-rooms-platform/api-gateway/vendor/laravel/framework/src/Illuminate/Container/BoundMethod.php(35): Illuminate\\Container\\BoundMethod::callBoundMethod(Object(Illuminate\\Foundation\\Application), Array, Object(Closure))
#17 /Users/spidey/Codetions/Mine/code_test/live-rooms-platform/api-gateway/vendor/laravel/framework/src/Illuminate/Container/Container.php(653): Illuminate\\Container\\BoundMethod::call(Object(Illuminate\\Foundation\\Application), Array, Array, NULL)
#18 /Users/spidey/Codetions/Mine/code_test/live-rooms-platform/api-gateway/vendor/laravel/framework/src/Illuminate/Console/Command.php(136): Illuminate\\Container\\Container->call(Array)
#19 /Users/spidey/Codetions/Mine/code_test/live-rooms-platform/api-gateway/vendor/symfony/console/Command/Command.php(298): Illuminate\\Console\\Command->execute(Object(Symfony\\Component\\Console\\Input\\ArrayInput), Object(Illuminate\\Console\\OutputStyle))
#20 /Users/spidey/Codetions/Mine/code_test/live-rooms-platform/api-gateway/vendor/laravel/framework/src/Illuminate/Console/Command.php(120): Symfony\\Component\\Console\\Command\\Command->run(Object(Symfony\\Component\\Console\\Input\\ArrayInput), Object(Illuminate\\Console\\OutputStyle))
#21 /Users/spidey/Codetions/Mine/code_test/live-rooms-platform/api-gateway/vendor/laravel/framework/src/Illuminate/Console/Concerns/CallsCommands.php(67): Illuminate\\Console\\Command->run(Object(Symfony\\Component\\Console\\Input\\ArrayInput), Object(Illuminate\\Console\\OutputStyle))
#22 /Users/spidey/Codetions/Mine/code_test/live-rooms-platform/api-gateway/vendor/laravel/framework/src/Illuminate/Console/Concerns/CallsCommands.php(28): Illuminate\\Console\\Command->runCommand('passport:client', Array, Object(Illuminate\\Console\\OutputStyle))
#23 /Users/spidey/Codetions/Mine/code_test/live-rooms-platform/api-gateway/vendor/laravel/passport/src/Console/InstallCommand.php(42): Illuminate\\Console\\Command->call('passport:client', Array)
#24 /Users/spidey/Codetions/Mine/code_test/live-rooms-platform/api-gateway/vendor/laravel/framework/src/Illuminate/Container/BoundMethod.php(36): Laravel\\Passport\\Console\\InstallCommand->handle()
#25 /Users/spidey/Codetions/Mine/code_test/live-rooms-platform/api-gateway/vendor/laravel/framework/src/Illuminate/Container/Util.php(40): Illuminate\\Container\\BoundMethod::Illuminate\\Container\\{closure}()
#26 /Users/spidey/Codetions/Mine/code_test/live-rooms-platform/api-gateway/vendor/laravel/framework/src/Illuminate/Container/BoundMethod.php(93): Illuminate\\Container\\Util::unwrapIfClosure(Object(Closure))
#27 /Users/spidey/Codetions/Mine/code_test/live-rooms-platform/api-gateway/vendor/laravel/framework/src/Illuminate/Container/BoundMethod.php(35): Illuminate\\Container\\BoundMethod::callBoundMethod(Object(Illuminate\\Foundation\\Application), Array, Object(Closure))
#28 /Users/spidey/Codetions/Mine/code_test/live-rooms-platform/api-gateway/vendor/laravel/framework/src/Illuminate/Container/Container.php(653): Illuminate\\Container\\BoundMethod::call(Object(Illuminate\\Foundation\\Application), Array, Array, NULL)
#29 /Users/spidey/Codetions/Mine/code_test/live-rooms-platform/api-gateway/vendor/laravel/framework/src/Illuminate/Console/Command.php(136): Illuminate\\Container\\Container->call(Array)
#30 /Users/spidey/Codetions/Mine/code_test/live-rooms-platform/api-gateway/vendor/symfony/console/Command/Command.php(298): Illuminate\\Console\\Command->execute(Object(Symfony\\Component\\Console\\Input\\ArgvInput), Object(Illuminate\\Console\\OutputStyle))
#31 /Users/spidey/Codetions/Mine/code_test/live-rooms-platform/api-gateway/vendor/laravel/framework/src/Illuminate/Console/Command.php(120): Symfony\\Component\\Console\\Command\\Command->run(Object(Symfony\\Component\\Console\\Input\\ArgvInput), Object(Illuminate\\Console\\OutputStyle))
#32 /Users/spidey/Codetions/Mine/code_test/live-rooms-platform/api-gateway/vendor/symfony/console/Application.php(1040): Illuminate\\Console\\Command->run(Object(Symfony\\Component\\Console\\Input\\ArgvInput), Object(Symfony\\Component\\Console\\Output\\ConsoleOutput))
#33 /Users/spidey/Codetions/Mine/code_test/live-rooms-platform/api-gateway/vendor/symfony/console/Application.php(301): Symfony\\Component\\Console\\Application->doRunCommand(Object(Laravel\\Passport\\Console\\InstallCommand), Object(Symfony\\Component\\Console\\Input\\ArgvInput), Object(Symfony\\Component\\Console\\Output\\ConsoleOutput))
#34 /Users/spidey/Codetions/Mine/code_test/live-rooms-platform/api-gateway/vendor/symfony/console/Application.php(171): Symfony\\Component\\Console\\Application->doRun(Object(Symfony\\Component\\Console\\Input\\ArgvInput), Object(Symfony\\Component\\Console\\Output\\ConsoleOutput))
#35 /Users/spidey/Codetions/Mine/code_test/live-rooms-platform/api-gateway/vendor/laravel/framework/src/Illuminate/Console/Application.php(94): Symfony\\Component\\Console\\Application->run(Object(Symfony\\Component\\Console\\Input\\ArgvInput), Object(Symfony\\Component\\Console\\Output\\ConsoleOutput))
#36 /Users/spidey/Codetions/Mine/code_test/live-rooms-platform/api-gateway/vendor/laravel/framework/src/Illuminate/Foundation/Console/Kernel.php(129): Illuminate\\Console\\Application->run(Object(Symfony\\Component\\Console\\Input\\ArgvInput), Object(Symfony\\Component\\Console\\Output\\ConsoleOutput))
#37 /Users/spidey/Codetions/Mine/code_test/live-rooms-platform/api-gateway/artisan(35): Illuminate\\Foundation\\Console\\Kernel->handle(Object(Symfony\\Component\\Console\\Input\\ArgvInput), Object(Symfony\\Component\\Console\\Output\\ConsoleOutput))
#38 {main}

[previous exception] [object] (PDOException(code: 7): SQLSTATE[08006] [7] connection to server at \"127.0.0.1\", port 5432 failed: FATAL:  role \"root\" does not exist at /Users/spidey/Codetions/Mine/code_test/live-rooms-platform/api-gateway/vendor/laravel/framework/src/Illuminate/Database/Connectors/Connector.php:70)
[stacktrace]
#0 /Users/spidey/Codetions/Mine/code_test/live-rooms-platform/api-gateway/vendor/laravel/framework/src/Illuminate/Database/Connectors/Connector.php(70): PDO->__construct('pgsql:host=127....', 'root', Object(SensitiveParameterValue), Array)
#1 /Users/spidey/Codetions/Mine/code_test/live-rooms-platform/api-gateway/vendor/laravel/framework/src/Illuminate/Database/Connectors/Connector.php(45): Illuminate\\Database\\Connectors\\Connector->createPdoConnection('pgsql:host=127....', 'root', '', Array)
#2 /Users/spidey/Codetions/Mine/code_test/live-rooms-platform/api-gateway/vendor/laravel/framework/src/Illuminate/Database/Connectors/PostgresConnector.php(32): Illuminate\\Database\\Connectors\\Connector->createConnection('pgsql:host=127....', Array, Array)
#3 /Users/spidey/Codetions/Mine/code_test/live-rooms-platform/api-gateway/vendor/laravel/framework/src/Illuminate/Database/Connectors/ConnectionFactory.php(184): Illuminate\\Database\\Connectors\\PostgresConnector->connect(Array)
#4 [internal function]: Illuminate\\Database\\Connectors\\ConnectionFactory->Illuminate\\Database\\Connectors\\{closure}()
#5 /Users/spidey/Codetions/Mine/code_test/live-rooms-platform/api-gateway/vendor/laravel/framework/src/Illuminate/Database/Connection.php(1064): call_user_func(Object(Closure))
#6 /Users/spidey/Codetions/Mine/code_test/live-rooms-platform/api-gateway/vendor/laravel/framework/src/Illuminate/Database/Connection.php(442): Illuminate\\Database\\Connection->getPdo()
#7 /Users/spidey/Codetions/Mine/code_test/live-rooms-platform/api-gateway/vendor/laravel/framework/src/Illuminate/Database/Connection.php(368): Illuminate\\Database\\Connection->getPdoForSelect(false)
#8 /Users/spidey/Codetions/Mine/code_test/live-rooms-platform/api-gateway/vendor/laravel/framework/src/Illuminate/Database/Connection.php(705): Illuminate\\Database\\Connection->Illuminate\\Database\\{closure}('insert into \"oa...', Array)
#9 /Users/spidey/Codetions/Mine/code_test/live-rooms-platform/api-gateway/vendor/laravel/framework/src/Illuminate/Database/Connection.php(672): Illuminate\\Database\\Connection->runQueryCallback('insert into \"oa...', Array, Object(Closure))
#10 /Users/spidey/Codetions/Mine/code_test/live-rooms-platform/api-gateway/vendor/laravel/framework/src/Illuminate/Database/Connection.php(359): Illuminate\\Database\\Connection->run('insert into \"oa...', Array, Object(Closure))
#11 /Users/spidey/Codetions/Mine/code_test/live-rooms-platform/api-gateway/vendor/laravel/framework/src/Illuminate/Database/Connection.php(346): Illuminate\\Database\\Connection->select('insert into \"oa...', Array, false)
#12 /Users/spidey/Codetions/Mine/code_test/live-rooms-platform/api-gateway/vendor/laravel/framework/src/Illuminate/Database/Query/Processors/PostgresProcessor.php(24): Illuminate\\Database\\Connection->selectFromWriteConnection('insert into \"oa...', Array)
#13 /Users/spidey/Codetions/Mine/code_test/live-rooms-platform/api-gateway/vendor/laravel/framework/src/Illuminate/Database/Query/Builder.php(3028): Illuminate\\Database\\Query\\Processors\\PostgresProcessor->processInsertGetId(Object(Illuminate\\Database\\Query\\Builder), 'insert into \"oa...', Array, 'id')
#14 /Users/spidey/Codetions/Mine/code_test/live-rooms-platform/api-gateway/vendor/laravel/framework/src/Illuminate/Database/Eloquent/Builder.php(1657): Illuminate\\Database\\Query\\Builder->insertGetId(Array, 'id')
#15 /Users/spidey/Codetions/Mine/code_test/live-rooms-platform/api-gateway/vendor/laravel/framework/src/Illuminate/Database/Eloquent/Model.php(1188): Illuminate\\Database\\Eloquent\\Builder->__call('insertGetId', Array)
#16 /Users/spidey/Codetions/Mine/code_test/live-rooms-platform/api-gateway/vendor/laravel/framework/src/Illuminate/Database/Eloquent/Model.php(1153): Illuminate\\Database\\Eloquent\\Model->insertAndSetId(Object(Illuminate\\Database\\Eloquent\\Builder), Array)
#17 /Users/spidey/Codetions/Mine/code_test/live-rooms-platform/api-gateway/vendor/laravel/framework/src/Illuminate/Database/Eloquent/Model.php(994): Illuminate\\Database\\Eloquent\\Model->performInsert(Object(Illuminate\\Database\\Eloquent\\Builder))
#18 /Users/spidey/Codetions/Mine/code_test/live-rooms-platform/api-gateway/vendor/laravel/passport/src/ClientRepository.php(153): Illuminate\\Database\\Eloquent\\Model->save()
#19 /Users/spidey/Codetions/Mine/code_test/live-rooms-platform/api-gateway/vendor/laravel/passport/src/ClientRepository.php(168): Laravel\\Passport\\ClientRepository->create(NULL, 'Laravel Persona...', 'http://localhos...', NULL, true)
#20 /Users/spidey/Codetions/Mine/code_test/live-rooms-platform/api-gateway/vendor/laravel/passport/src/Console/ClientCommand.php(66): Laravel\\Passport\\ClientRepository->createPersonalAccessClient(NULL, 'Laravel Persona...', 'http://localhos...')
#21 /Users/spidey/Codetions/Mine/code_test/live-rooms-platform/api-gateway/vendor/laravel/passport/src/Console/ClientCommand.php(43): Laravel\\Passport\\Console\\ClientCommand->createPersonalClient(Object(Laravel\\Passport\\ClientRepository))
#22 /Users/spidey/Codetions/Mine/code_test/live-rooms-platform/api-gateway/vendor/laravel/framework/src/Illuminate/Container/BoundMethod.php(36): Laravel\\Passport\\Console\\ClientCommand->handle(Object(Laravel\\Passport\\ClientRepository))
#23 /Users/spidey/Codetions/Mine/code_test/live-rooms-platform/api-gateway/vendor/laravel/framework/src/Illuminate/Container/Util.php(40): Illuminate\\Container\\BoundMethod::Illuminate\\Container\\{closure}()
#24 /Users/spidey/Codetions/Mine/code_test/live-rooms-platform/api-gateway/vendor/laravel/framework/src/Illuminate/Container/BoundMethod.php(93): Illuminate\\Container\\Util::unwrapIfClosure(Object(Closure))
#25 /Users/spidey/Codetions/Mine/code_test/live-rooms-platform/api-gateway/vendor/laravel/framework/src/Illuminate/Container/BoundMethod.php(35): Illuminate\\Container\\BoundMethod::callBoundMethod(Object(Illuminate\\Foundation\\Application), Array, Object(Closure))
#26 /Users/spidey/Codetions/Mine/code_test/live-rooms-platform/api-gateway/vendor/laravel/framework/src/Illuminate/Container/Container.php(653): Illuminate\\Container\\BoundMethod::call(Object(Illuminate\\Foundation\\Application), Array, Array, NULL)
#27 /Users/spidey/Codetions/Mine/code_test/live-rooms-platform/api-gateway/vendor/laravel/framework/src/Illuminate/Console/Command.php(136): Illuminate\\Container\\Container->call(Array)
#28 /Users/spidey/Codetions/Mine/code_test/live-rooms-platform/api-gateway/vendor/symfony/console/Command/Command.php(298): Illuminate\\Console\\Command->execute(Object(Symfony\\Component\\Console\\Input\\ArrayInput), Object(Illuminate\\Console\\OutputStyle))
#29 /Users/spidey/Codetions/Mine/code_test/live-rooms-platform/api-gateway/vendor/laravel/framework/src/Illuminate/Console/Command.php(120): Symfony\\Component\\Console\\Command\\Command->run(Object(Symfony\\Component\\Console\\Input\\ArrayInput), Object(Illuminate\\Console\\OutputStyle))
#30 /Users/spidey/Codetions/Mine/code_test/live-rooms-platform/api-gateway/vendor/laravel/framework/src/Illuminate/Console/Concerns/CallsCommands.php(67): Illuminate\\Console\\Command->run(Object(Symfony\\Component\\Console\\Input\\ArrayInput), Object(Illuminate\\Console\\OutputStyle))
#31 /Users/spidey/Codetions/Mine/code_test/live-rooms-platform/api-gateway/vendor/laravel/framework/src/Illuminate/Console/Concerns/CallsCommands.php(28): Illuminate\\Console\\Command->runCommand('passport:client', Array, Object(Illuminate\\Console\\OutputStyle))
#32 /Users/spidey/Codetions/Mine/code_test/live-rooms-platform/api-gateway/vendor/laravel/passport/src/Console/InstallCommand.php(42): Illuminate\\Console\\Command->call('passport:client', Array)
#33 /Users/spidey/Codetions/Mine/code_test/live-rooms-platform/api-gateway/vendor/laravel/framework/src/Illuminate/Container/BoundMethod.php(36): Laravel\\Passport\\Console\\InstallCommand->handle()
#34 /Users/spidey/Codetions/Mine/code_test/live-rooms-platform/api-gateway/vendor/laravel/framework/src/Illuminate/Container/Util.php(40): Illuminate\\Container\\BoundMethod::Illuminate\\Container\\{closure}()
#35 /Users/spidey/Codetions/Mine/code_test/live-rooms-platform/api-gateway/vendor/laravel/framework/src/Illuminate/Container/BoundMethod.php(93): Illuminate\\Container\\Util::unwrapIfClosure(Object(Closure))
#36 /Users/spidey/Codetions/Mine/code_test/live-rooms-platform/api-gateway/vendor/laravel/framework/src/Illuminate/Container/BoundMethod.php(35): Illuminate\\Container\\BoundMethod::callBoundMethod(Object(Illuminate\\Foundation\\Application), Array, Object(Closure))
#37 /Users/spidey/Codetions/Mine/code_test/live-rooms-platform/api-gateway/vendor/laravel/framework/src/Illuminate/Container/Container.php(653): Illuminate\\Container\\BoundMethod::call(Object(Illuminate\\Foundation\\Application), Array, Array, NULL)
#38 /Users/spidey/Codetions/Mine/code_test/live-rooms-platform/api-gateway/vendor/laravel/framework/src/Illuminate/Console/Command.php(136): Illuminate\\Container\\Container->call(Array)
#39 /Users/spidey/Codetions/Mine/code_test/live-rooms-platform/api-gateway/vendor/symfony/console/Command/Command.php(298): Illuminate\\Console\\Command->execute(Object(Symfony\\Component\\Console\\Input\\ArgvInput), Object(Illuminate\\Console\\OutputStyle))
#40 /Users/spidey/Codetions/Mine/code_test/live-rooms-platform/api-gateway/vendor/laravel/framework/src/Illuminate/Console/Command.php(120): Symfony\\Component\\Console\\Command\\Command->run(Object(Symfony\\Component\\Console\\Input\\ArgvInput), Object(Illuminate\\Console\\OutputStyle))
#41 /Users/spidey/Codetions/Mine/code_test/live-rooms-platform/api-gateway/vendor/symfony/console/Application.php(1040): Illuminate\\Console\\Command->run(Object(Symfony\\Component\\Console\\Input\\ArgvInput), Object(Symfony\\Component\\Console\\Output\\ConsoleOutput))
#42 /Users/spidey/Codetions/Mine/code_test/live-rooms-platform/api-gateway/vendor/symfony/console/Application.php(301): Symfony\\Component\\Console\\Application->doRunCommand(Object(Laravel\\Passport\\Console\\InstallCommand), Object(Symfony\\Component\\Console\\Input\\ArgvInput), Object(Symfony\\Component\\Console\\Output\\ConsoleOutput))
#43 /Users/spidey/Codetions/Mine/code_test/live-rooms-platform/api-gateway/vendor/symfony/console/Application.php(171): Symfony\\Component\\Console\\Application->doRun(Object(Symfony\\Component\\Console\\Input\\ArgvInput), Object(Symfony\\Component\\Console\\Output\\ConsoleOutput))
#44 /Users/spidey/Codetions/Mine/code_test/live-rooms-platform/api-gateway/vendor/laravel/framework/src/Illuminate/Console/Application.php(94): Symfony\\Component\\Console\\Application->run(Object(Symfony\\Component\\Console\\Input\\ArgvInput), Object(Symfony\\Component\\Console\\Output\\ConsoleOutput))
#45 /Users/spidey/Codetions/Mine/code_test/live-rooms-platform/api-gateway/vendor/laravel/framework/src/Illuminate/Foundation/Console/Kernel.php(129): Illuminate\\Console\\Application->run(Object(Symfony\\Component\\Console\\Input\\ArgvInput), Object(Symfony\\Component\\Console\\Output\\ConsoleOutput))
#46 /Users/spidey/Codetions/Mine/code_test/live-rooms-platform/api-gateway/artisan(35): Illuminate\\Foundation\\Console\\Kernel->handle(Object(Symfony\\Component\\Console\\Input\\ArgvInput), Object(Symfony\\Component\\Console\\Output\\ConsoleOutput))
#47 {main}
"} 
[2025-06-13 11:23:17] local.ERROR: SQLSTATE[42P01]: Undefined table: 7 ERROR:  relation "oauth_clients" does not exist
LINE 1: insert into "oauth_clients" ("user_id", "name", "secret", "p...
                    ^ (SQL: insert into "oauth_clients" ("user_id", "name", "secret", "provider", "redirect", "personal_access_client", "password_client", "revoked", "updated_at", "created_at") values (?, Laravel Personal Access Client, 0OAAZlOzULS4ubGa72UdUp63upRKiXLUSld4XuEJ, ?, http://localhost, 1, 0, 0, 2025-06-13 11:23:17, 2025-06-13 11:23:17) returning "id") {"exception":"[object] (Illuminate\\Database\\QueryException(code: 42P01): SQLSTATE[42P01]: Undefined table: 7 ERROR:  relation \"oauth_clients\" does not exist
LINE 1: insert into \"oauth_clients\" (\"user_id\", \"name\", \"secret\", \"p...
                    ^ (SQL: insert into \"oauth_clients\" (\"user_id\", \"name\", \"secret\", \"provider\", \"redirect\", \"personal_access_client\", \"password_client\", \"revoked\", \"updated_at\", \"created_at\") values (?, Laravel Personal Access Client, 0OAAZlOzULS4ubGa72UdUp63upRKiXLUSld4XuEJ, ?, http://localhost, 1, 0, 0, 2025-06-13 11:23:17, 2025-06-13 11:23:17) returning \"id\") at /Users/spidey/Codetions/Mine/code_test/live-rooms-platform/api-gateway/vendor/laravel/framework/src/Illuminate/Database/Connection.php:712)
[stacktrace]
#0 /Users/spidey/Codetions/Mine/code_test/live-rooms-platform/api-gateway/vendor/laravel/framework/src/Illuminate/Database/Connection.php(672): Illuminate\\Database\\Connection->runQueryCallback('insert into \"oa...', Array, Object(Closure))
#1 /Users/spidey/Codetions/Mine/code_test/live-rooms-platform/api-gateway/vendor/laravel/framework/src/Illuminate/Database/Connection.php(359): Illuminate\\Database\\Connection->run('insert into \"oa...', Array, Object(Closure))
#2 /Users/spidey/Codetions/Mine/code_test/live-rooms-platform/api-gateway/vendor/laravel/framework/src/Illuminate/Database/Connection.php(346): Illuminate\\Database\\Connection->select('insert into \"oa...', Array, false)
#3 /Users/spidey/Codetions/Mine/code_test/live-rooms-platform/api-gateway/vendor/laravel/framework/src/Illuminate/Database/Query/Processors/PostgresProcessor.php(24): Illuminate\\Database\\Connection->selectFromWriteConnection('insert into \"oa...', Array)
#4 /Users/spidey/Codetions/Mine/code_test/live-rooms-platform/api-gateway/vendor/laravel/framework/src/Illuminate/Database/Query/Builder.php(3028): Illuminate\\Database\\Query\\Processors\\PostgresProcessor->processInsertGetId(Object(Illuminate\\Database\\Query\\Builder), 'insert into \"oa...', Array, 'id')
#5 /Users/spidey/Codetions/Mine/code_test/live-rooms-platform/api-gateway/vendor/laravel/framework/src/Illuminate/Database/Eloquent/Builder.php(1657): Illuminate\\Database\\Query\\Builder->insertGetId(Array, 'id')
#6 /Users/spidey/Codetions/Mine/code_test/live-rooms-platform/api-gateway/vendor/laravel/framework/src/Illuminate/Database/Eloquent/Model.php(1188): Illuminate\\Database\\Eloquent\\Builder->__call('insertGetId', Array)
#7 /Users/spidey/Codetions/Mine/code_test/live-rooms-platform/api-gateway/vendor/laravel/framework/src/Illuminate/Database/Eloquent/Model.php(1153): Illuminate\\Database\\Eloquent\\Model->insertAndSetId(Object(Illuminate\\Database\\Eloquent\\Builder), Array)
#8 /Users/spidey/Codetions/Mine/code_test/live-rooms-platform/api-gateway/vendor/laravel/framework/src/Illuminate/Database/Eloquent/Model.php(994): Illuminate\\Database\\Eloquent\\Model->performInsert(Object(Illuminate\\Database\\Eloquent\\Builder))
#9 /Users/spidey/Codetions/Mine/code_test/live-rooms-platform/api-gateway/vendor/laravel/passport/src/ClientRepository.php(153): Illuminate\\Database\\Eloquent\\Model->save()
#10 /Users/spidey/Codetions/Mine/code_test/live-rooms-platform/api-gateway/vendor/laravel/passport/src/ClientRepository.php(168): Laravel\\Passport\\ClientRepository->create(NULL, 'Laravel Persona...', 'http://localhos...', NULL, true)
#11 /Users/spidey/Codetions/Mine/code_test/live-rooms-platform/api-gateway/vendor/laravel/passport/src/Console/ClientCommand.php(66): Laravel\\Passport\\ClientRepository->createPersonalAccessClient(NULL, 'Laravel Persona...', 'http://localhos...')
#12 /Users/spidey/Codetions/Mine/code_test/live-rooms-platform/api-gateway/vendor/laravel/passport/src/Console/ClientCommand.php(43): Laravel\\Passport\\Console\\ClientCommand->createPersonalClient(Object(Laravel\\Passport\\ClientRepository))
#13 /Users/spidey/Codetions/Mine/code_test/live-rooms-platform/api-gateway/vendor/laravel/framework/src/Illuminate/Container/BoundMethod.php(36): Laravel\\Passport\\Console\\ClientCommand->handle(Object(Laravel\\Passport\\ClientRepository))
#14 /Users/spidey/Codetions/Mine/code_test/live-rooms-platform/api-gateway/vendor/laravel/framework/src/Illuminate/Container/Util.php(40): Illuminate\\Container\\BoundMethod::Illuminate\\Container\\{closure}()
#15 /Users/spidey/Codetions/Mine/code_test/live-rooms-platform/api-gateway/vendor/laravel/framework/src/Illuminate/Container/BoundMethod.php(93): Illuminate\\Container\\Util::unwrapIfClosure(Object(Closure))
#16 /Users/spidey/Codetions/Mine/code_test/live-rooms-platform/api-gateway/vendor/laravel/framework/src/Illuminate/Container/BoundMethod.php(35): Illuminate\\Container\\BoundMethod::callBoundMethod(Object(Illuminate\\Foundation\\Application), Array, Object(Closure))
#17 /Users/spidey/Codetions/Mine/code_test/live-rooms-platform/api-gateway/vendor/laravel/framework/src/Illuminate/Container/Container.php(653): Illuminate\\Container\\BoundMethod::call(Object(Illuminate\\Foundation\\Application), Array, Array, NULL)
#18 /Users/spidey/Codetions/Mine/code_test/live-rooms-platform/api-gateway/vendor/laravel/framework/src/Illuminate/Console/Command.php(136): Illuminate\\Container\\Container->call(Array)
#19 /Users/spidey/Codetions/Mine/code_test/live-rooms-platform/api-gateway/vendor/symfony/console/Command/Command.php(298): Illuminate\\Console\\Command->execute(Object(Symfony\\Component\\Console\\Input\\ArrayInput), Object(Illuminate\\Console\\OutputStyle))
#20 /Users/spidey/Codetions/Mine/code_test/live-rooms-platform/api-gateway/vendor/laravel/framework/src/Illuminate/Console/Command.php(120): Symfony\\Component\\Console\\Command\\Command->run(Object(Symfony\\Component\\Console\\Input\\ArrayInput), Object(Illuminate\\Console\\OutputStyle))
#21 /Users/spidey/Codetions/Mine/code_test/live-rooms-platform/api-gateway/vendor/laravel/framework/src/Illuminate/Console/Concerns/CallsCommands.php(67): Illuminate\\Console\\Command->run(Object(Symfony\\Component\\Console\\Input\\ArrayInput), Object(Illuminate\\Console\\OutputStyle))
#22 /Users/spidey/Codetions/Mine/code_test/live-rooms-platform/api-gateway/vendor/laravel/framework/src/Illuminate/Console/Concerns/CallsCommands.php(28): Illuminate\\Console\\Command->runCommand('passport:client', Array, Object(Illuminate\\Console\\OutputStyle))
#23 /Users/spidey/Codetions/Mine/code_test/live-rooms-platform/api-gateway/vendor/laravel/passport/src/Console/InstallCommand.php(42): Illuminate\\Console\\Command->call('passport:client', Array)
#24 /Users/spidey/Codetions/Mine/code_test/live-rooms-platform/api-gateway/vendor/laravel/framework/src/Illuminate/Container/BoundMethod.php(36): Laravel\\Passport\\Console\\InstallCommand->handle()
#25 /Users/spidey/Codetions/Mine/code_test/live-rooms-platform/api-gateway/vendor/laravel/framework/src/Illuminate/Container/Util.php(40): Illuminate\\Container\\BoundMethod::Illuminate\\Container\\{closure}()
#26 /Users/spidey/Codetions/Mine/code_test/live-rooms-platform/api-gateway/vendor/laravel/framework/src/Illuminate/Container/BoundMethod.php(93): Illuminate\\Container\\Util::unwrapIfClosure(Object(Closure))
#27 /Users/spidey/Codetions/Mine/code_test/live-rooms-platform/api-gateway/vendor/laravel/framework/src/Illuminate/Container/BoundMethod.php(35): Illuminate\\Container\\BoundMethod::callBoundMethod(Object(Illuminate\\Foundation\\Application), Array, Object(Closure))
#28 /Users/spidey/Codetions/Mine/code_test/live-rooms-platform/api-gateway/vendor/laravel/framework/src/Illuminate/Container/Container.php(653): Illuminate\\Container\\BoundMethod::call(Object(Illuminate\\Foundation\\Application), Array, Array, NULL)
#29 /Users/spidey/Codetions/Mine/code_test/live-rooms-platform/api-gateway/vendor/laravel/framework/src/Illuminate/Console/Command.php(136): Illuminate\\Container\\Container->call(Array)
#30 /Users/spidey/Codetions/Mine/code_test/live-rooms-platform/api-gateway/vendor/symfony/console/Command/Command.php(298): Illuminate\\Console\\Command->execute(Object(Symfony\\Component\\Console\\Input\\ArgvInput), Object(Illuminate\\Console\\OutputStyle))
#31 /Users/spidey/Codetions/Mine/code_test/live-rooms-platform/api-gateway/vendor/laravel/framework/src/Illuminate/Console/Command.php(120): Symfony\\Component\\Console\\Command\\Command->run(Object(Symfony\\Component\\Console\\Input\\ArgvInput), Object(Illuminate\\Console\\OutputStyle))
#32 /Users/spidey/Codetions/Mine/code_test/live-rooms-platform/api-gateway/vendor/symfony/console/Application.php(1040): Illuminate\\Console\\Command->run(Object(Symfony\\Component\\Console\\Input\\ArgvInput), Object(Symfony\\Component\\Console\\Output\\ConsoleOutput))
#33 /Users/spidey/Codetions/Mine/code_test/live-rooms-platform/api-gateway/vendor/symfony/console/Application.php(301): Symfony\\Component\\Console\\Application->doRunCommand(Object(Laravel\\Passport\\Console\\InstallCommand), Object(Symfony\\Component\\Console\\Input\\ArgvInput), Object(Symfony\\Component\\Console\\Output\\ConsoleOutput))
#34 /Users/spidey/Codetions/Mine/code_test/live-rooms-platform/api-gateway/vendor/symfony/console/Application.php(171): Symfony\\Component\\Console\\Application->doRun(Object(Symfony\\Component\\Console\\Input\\ArgvInput), Object(Symfony\\Component\\Console\\Output\\ConsoleOutput))
#35 /Users/spidey/Codetions/Mine/code_test/live-rooms-platform/api-gateway/vendor/laravel/framework/src/Illuminate/Console/Application.php(94): Symfony\\Component\\Console\\Application->run(Object(Symfony\\Component\\Console\\Input\\ArgvInput), Object(Symfony\\Component\\Console\\Output\\ConsoleOutput))
#36 /Users/spidey/Codetions/Mine/code_test/live-rooms-platform/api-gateway/vendor/laravel/framework/src/Illuminate/Foundation/Console/Kernel.php(129): Illuminate\\Console\\Application->run(Object(Symfony\\Component\\Console\\Input\\ArgvInput), Object(Symfony\\Component\\Console\\Output\\ConsoleOutput))
#37 /Users/spidey/Codetions/Mine/code_test/live-rooms-platform/api-gateway/artisan(35): Illuminate\\Foundation\\Console\\Kernel->handle(Object(Symfony\\Component\\Console\\Input\\ArgvInput), Object(Symfony\\Component\\Console\\Output\\ConsoleOutput))
#38 {main}

[previous exception] [object] (PDOException(code: 42P01): SQLSTATE[42P01]: Undefined table: 7 ERROR:  relation \"oauth_clients\" does not exist
LINE 1: insert into \"oauth_clients\" (\"user_id\", \"name\", \"secret\", \"p...
                    ^ at /Users/spidey/Codetions/Mine/code_test/live-rooms-platform/api-gateway/vendor/laravel/framework/src/Illuminate/Database/Connection.php:373)
[stacktrace]
#0 /Users/spidey/Codetions/Mine/code_test/live-rooms-platform/api-gateway/vendor/laravel/framework/src/Illuminate/Database/Connection.php(373): PDOStatement->execute()
#1 /Users/spidey/Codetions/Mine/code_test/live-rooms-platform/api-gateway/vendor/laravel/framework/src/Illuminate/Database/Connection.php(705): Illuminate\\Database\\Connection->Illuminate\\Database\\{closure}('insert into \"oa...', Array)
#2 /Users/spidey/Codetions/Mine/code_test/live-rooms-platform/api-gateway/vendor/laravel/framework/src/Illuminate/Database/Connection.php(672): Illuminate\\Database\\Connection->runQueryCallback('insert into \"oa...', Array, Object(Closure))
#3 /Users/spidey/Codetions/Mine/code_test/live-rooms-platform/api-gateway/vendor/laravel/framework/src/Illuminate/Database/Connection.php(359): Illuminate\\Database\\Connection->run('insert into \"oa...', Array, Object(Closure))
#4 /Users/spidey/Codetions/Mine/code_test/live-rooms-platform/api-gateway/vendor/laravel/framework/src/Illuminate/Database/Connection.php(346): Illuminate\\Database\\Connection->select('insert into \"oa...', Array, false)
#5 /Users/spidey/Codetions/Mine/code_test/live-rooms-platform/api-gateway/vendor/laravel/framework/src/Illuminate/Database/Query/Processors/PostgresProcessor.php(24): Illuminate\\Database\\Connection->selectFromWriteConnection('insert into \"oa...', Array)
#6 /Users/spidey/Codetions/Mine/code_test/live-rooms-platform/api-gateway/vendor/laravel/framework/src/Illuminate/Database/Query/Builder.php(3028): Illuminate\\Database\\Query\\Processors\\PostgresProcessor->processInsertGetId(Object(Illuminate\\Database\\Query\\Builder), 'insert into \"oa...', Array, 'id')
#7 /Users/spidey/Codetions/Mine/code_test/live-rooms-platform/api-gateway/vendor/laravel/framework/src/Illuminate/Database/Eloquent/Builder.php(1657): Illuminate\\Database\\Query\\Builder->insertGetId(Array, 'id')
#8 /Users/spidey/Codetions/Mine/code_test/live-rooms-platform/api-gateway/vendor/laravel/framework/src/Illuminate/Database/Eloquent/Model.php(1188): Illuminate\\Database\\Eloquent\\Builder->__call('insertGetId', Array)
#9 /Users/spidey/Codetions/Mine/code_test/live-rooms-platform/api-gateway/vendor/laravel/framework/src/Illuminate/Database/Eloquent/Model.php(1153): Illuminate\\Database\\Eloquent\\Model->insertAndSetId(Object(Illuminate\\Database\\Eloquent\\Builder), Array)
#10 /Users/spidey/Codetions/Mine/code_test/live-rooms-platform/api-gateway/vendor/laravel/framework/src/Illuminate/Database/Eloquent/Model.php(994): Illuminate\\Database\\Eloquent\\Model->performInsert(Object(Illuminate\\Database\\Eloquent\\Builder))
#11 /Users/spidey/Codetions/Mine/code_test/live-rooms-platform/api-gateway/vendor/laravel/passport/src/ClientRepository.php(153): Illuminate\\Database\\Eloquent\\Model->save()
#12 /Users/spidey/Codetions/Mine/code_test/live-rooms-platform/api-gateway/vendor/laravel/passport/src/ClientRepository.php(168): Laravel\\Passport\\ClientRepository->create(NULL, 'Laravel Persona...', 'http://localhos...', NULL, true)
#13 /Users/spidey/Codetions/Mine/code_test/live-rooms-platform/api-gateway/vendor/laravel/passport/src/Console/ClientCommand.php(66): Laravel\\Passport\\ClientRepository->createPersonalAccessClient(NULL, 'Laravel Persona...', 'http://localhos...')
#14 /Users/spidey/Codetions/Mine/code_test/live-rooms-platform/api-gateway/vendor/laravel/passport/src/Console/ClientCommand.php(43): Laravel\\Passport\\Console\\ClientCommand->createPersonalClient(Object(Laravel\\Passport\\ClientRepository))
#15 /Users/spidey/Codetions/Mine/code_test/live-rooms-platform/api-gateway/vendor/laravel/framework/src/Illuminate/Container/BoundMethod.php(36): Laravel\\Passport\\Console\\ClientCommand->handle(Object(Laravel\\Passport\\ClientRepository))
#16 /Users/spidey/Codetions/Mine/code_test/live-rooms-platform/api-gateway/vendor/laravel/framework/src/Illuminate/Container/Util.php(40): Illuminate\\Container\\BoundMethod::Illuminate\\Container\\{closure}()
#17 /Users/spidey/Codetions/Mine/code_test/live-rooms-platform/api-gateway/vendor/laravel/framework/src/Illuminate/Container/BoundMethod.php(93): Illuminate\\Container\\Util::unwrapIfClosure(Object(Closure))
#18 /Users/spidey/Codetions/Mine/code_test/live-rooms-platform/api-gateway/vendor/laravel/framework/src/Illuminate/Container/BoundMethod.php(35): Illuminate\\Container\\BoundMethod::callBoundMethod(Object(Illuminate\\Foundation\\Application), Array, Object(Closure))
#19 /Users/spidey/Codetions/Mine/code_test/live-rooms-platform/api-gateway/vendor/laravel/framework/src/Illuminate/Container/Container.php(653): Illuminate\\Container\\BoundMethod::call(Object(Illuminate\\Foundation\\Application), Array, Array, NULL)
#20 /Users/spidey/Codetions/Mine/code_test/live-rooms-platform/api-gateway/vendor/laravel/framework/src/Illuminate/Console/Command.php(136): Illuminate\\Container\\Container->call(Array)
#21 /Users/spidey/Codetions/Mine/code_test/live-rooms-platform/api-gateway/vendor/symfony/console/Command/Command.php(298): Illuminate\\Console\\Command->execute(Object(Symfony\\Component\\Console\\Input\\ArrayInput), Object(Illuminate\\Console\\OutputStyle))
#22 /Users/spidey/Codetions/Mine/code_test/live-rooms-platform/api-gateway/vendor/laravel/framework/src/Illuminate/Console/Command.php(120): Symfony\\Component\\Console\\Command\\Command->run(Object(Symfony\\Component\\Console\\Input\\ArrayInput), Object(Illuminate\\Console\\OutputStyle))
#23 /Users/spidey/Codetions/Mine/code_test/live-rooms-platform/api-gateway/vendor/laravel/framework/src/Illuminate/Console/Concerns/CallsCommands.php(67): Illuminate\\Console\\Command->run(Object(Symfony\\Component\\Console\\Input\\ArrayInput), Object(Illuminate\\Console\\OutputStyle))
#24 /Users/spidey/Codetions/Mine/code_test/live-rooms-platform/api-gateway/vendor/laravel/framework/src/Illuminate/Console/Concerns/CallsCommands.php(28): Illuminate\\Console\\Command->runCommand('passport:client', Array, Object(Illuminate\\Console\\OutputStyle))
#25 /Users/spidey/Codetions/Mine/code_test/live-rooms-platform/api-gateway/vendor/laravel/passport/src/Console/InstallCommand.php(42): Illuminate\\Console\\Command->call('passport:client', Array)
#26 /Users/spidey/Codetions/Mine/code_test/live-rooms-platform/api-gateway/vendor/laravel/framework/src/Illuminate/Container/BoundMethod.php(36): Laravel\\Passport\\Console\\InstallCommand->handle()
#27 /Users/spidey/Codetions/Mine/code_test/live-rooms-platform/api-gateway/vendor/laravel/framework/src/Illuminate/Container/Util.php(40): Illuminate\\Container\\BoundMethod::Illuminate\\Container\\{closure}()
#28 /Users/spidey/Codetions/Mine/code_test/live-rooms-platform/api-gateway/vendor/laravel/framework/src/Illuminate/Container/BoundMethod.php(93): Illuminate\\Container\\Util::unwrapIfClosure(Object(Closure))
#29 /Users/spidey/Codetions/Mine/code_test/live-rooms-platform/api-gateway/vendor/laravel/framework/src/Illuminate/Container/BoundMethod.php(35): Illuminate\\Container\\BoundMethod::callBoundMethod(Object(Illuminate\\Foundation\\Application), Array, Object(Closure))
#30 /Users/spidey/Codetions/Mine/code_test/live-rooms-platform/api-gateway/vendor/laravel/framework/src/Illuminate/Container/Container.php(653): Illuminate\\Container\\BoundMethod::call(Object(Illuminate\\Foundation\\Application), Array, Array, NULL)
#31 /Users/spidey/Codetions/Mine/code_test/live-rooms-platform/api-gateway/vendor/laravel/framework/src/Illuminate/Console/Command.php(136): Illuminate\\Container\\Container->call(Array)
#32 /Users/spidey/Codetions/Mine/code_test/live-rooms-platform/api-gateway/vendor/symfony/console/Command/Command.php(298): Illuminate\\Console\\Command->execute(Object(Symfony\\Component\\Console\\Input\\ArgvInput), Object(Illuminate\\Console\\OutputStyle))
#33 /Users/spidey/Codetions/Mine/code_test/live-rooms-platform/api-gateway/vendor/laravel/framework/src/Illuminate/Console/Command.php(120): Symfony\\Component\\Console\\Command\\Command->run(Object(Symfony\\Component\\Console\\Input\\ArgvInput), Object(Illuminate\\Console\\OutputStyle))
#34 /Users/spidey/Codetions/Mine/code_test/live-rooms-platform/api-gateway/vendor/symfony/console/Application.php(1040): Illuminate\\Console\\Command->run(Object(Symfony\\Component\\Console\\Input\\ArgvInput), Object(Symfony\\Component\\Console\\Output\\ConsoleOutput))
#35 /Users/spidey/Codetions/Mine/code_test/live-rooms-platform/api-gateway/vendor/symfony/console/Application.php(301): Symfony\\Component\\Console\\Application->doRunCommand(Object(Laravel\\Passport\\Console\\InstallCommand), Object(Symfony\\Component\\Console\\Input\\ArgvInput), Object(Symfony\\Component\\Console\\Output\\ConsoleOutput))
#36 /Users/spidey/Codetions/Mine/code_test/live-rooms-platform/api-gateway/vendor/symfony/console/Application.php(171): Symfony\\Component\\Console\\Application->doRun(Object(Symfony\\Component\\Console\\Input\\ArgvInput), Object(Symfony\\Component\\Console\\Output\\ConsoleOutput))
#37 /Users/spidey/Codetions/Mine/code_test/live-rooms-platform/api-gateway/vendor/laravel/framework/src/Illuminate/Console/Application.php(94): Symfony\\Component\\Console\\Application->run(Object(Symfony\\Component\\Console\\Input\\ArgvInput), Object(Symfony\\Component\\Console\\Output\\ConsoleOutput))
#38 /Users/spidey/Codetions/Mine/code_test/live-rooms-platform/api-gateway/vendor/laravel/framework/src/Illuminate/Foundation/Console/Kernel.php(129): Illuminate\\Console\\Application->run(Object(Symfony\\Component\\Console\\Input\\ArgvInput), Object(Symfony\\Component\\Console\\Output\\ConsoleOutput))
#39 /Users/spidey/Codetions/Mine/code_test/live-rooms-platform/api-gateway/artisan(35): Illuminate\\Foundation\\Console\\Kernel->handle(Object(Symfony\\Component\\Console\\Input\\ArgvInput), Object(Symfony\\Component\\Console\\Output\\ConsoleOutput))
#40 {main}
"} 
[2025-06-13 11:28:18] local.ERROR: Command "route:lists" is not defined.

Did you mean one of these?
    event:list
    route:cache
    route:clear
    route:list
    schedule:list {"exception":"[object] (Symfony\\Component\\Console\\Exception\\CommandNotFoundException(code: 0): Command \"route:lists\" is not defined.

Did you mean one of these?
    event:list
    route:cache
    route:clear
    route:list
    schedule:list at /Users/spidey/Codetions/Mine/code_test/live-rooms-platform/api-gateway/vendor/symfony/console/Application.php:720)
[stacktrace]
#0 /Users/spidey/Codetions/Mine/code_test/live-rooms-platform/api-gateway/vendor/symfony/console/Application.php(259): Symfony\\Component\\Console\\Application->find('route:lists')
#1 /Users/spidey/Codetions/Mine/code_test/live-rooms-platform/api-gateway/vendor/symfony/console/Application.php(171): Symfony\\Component\\Console\\Application->doRun(Object(Symfony\\Component\\Console\\Input\\ArgvInput), Object(Symfony\\Component\\Console\\Output\\ConsoleOutput))
#2 /Users/spidey/Codetions/Mine/code_test/live-rooms-platform/api-gateway/vendor/laravel/framework/src/Illuminate/Console/Application.php(94): Symfony\\Component\\Console\\Application->run(Object(Symfony\\Component\\Console\\Input\\ArgvInput), Object(Symfony\\Component\\Console\\Output\\ConsoleOutput))
#3 /Users/spidey/Codetions/Mine/code_test/live-rooms-platform/api-gateway/vendor/laravel/framework/src/Illuminate/Foundation/Console/Kernel.php(129): Illuminate\\Console\\Application->run(Object(Symfony\\Component\\Console\\Input\\ArgvInput), Object(Symfony\\Component\\Console\\Output\\ConsoleOutput))
#4 /Users/spidey/Codetions/Mine/code_test/live-rooms-platform/api-gateway/artisan(35): Illuminate\\Foundation\\Console\\Kernel->handle(Object(Symfony\\Component\\Console\\Input\\ArgvInput), Object(Symfony\\Component\\Console\\Output\\ConsoleOutput))
#5 {main}
"} 
[2025-06-13 12:17:19] local.ERROR: include(/Users/spidey/Codetions/Mine/code_test/live-rooms-platform/api-gateway/vendor/composer/../../app/Models/customer/MemberSetting.php): Failed to open stream: No such file or directory {"exception":"[object] (ErrorException(code: 0): include(/Users/spidey/Codetions/Mine/code_test/live-rooms-platform/api-gateway/vendor/composer/../../app/Models/customer/MemberSetting.php): Failed to open stream: No such file or directory at /Users/spidey/Codetions/Mine/code_test/live-rooms-platform/api-gateway/vendor/composer/ClassLoader.php:576)
[stacktrace]
#0 /Users/spidey/Codetions/Mine/code_test/live-rooms-platform/api-gateway/vendor/composer/ClassLoader.php(576): Illuminate\\Foundation\\Bootstrap\\HandleExceptions->handleError(2, 'include(/Users/...', '/Users/spidey/C...', 576)
#1 /Users/spidey/Codetions/Mine/code_test/live-rooms-platform/api-gateway/vendor/composer/ClassLoader.php(576): include()
#2 /Users/spidey/Codetions/Mine/code_test/live-rooms-platform/api-gateway/vendor/composer/ClassLoader.php(427): Composer\\Autoload\\{closure}('/Users/spidey/C...')
#3 /Users/spidey/Codetions/Mine/code_test/live-rooms-platform/api-gateway/vendor/laravel/framework/src/Illuminate/Database/Eloquent/Concerns/HasRelationships.php(750): Composer\\Autoload\\ClassLoader->loadClass('App\\\\Models\\\\cust...')
#4 /Users/spidey/Codetions/Mine/code_test/live-rooms-platform/api-gateway/vendor/laravel/framework/src/Illuminate/Database/Eloquent/Concerns/HasRelationships.php(203): Illuminate\\Database\\Eloquent\\Model->newRelatedInstance('App\\\\Models\\\\cust...')
#5 /Users/spidey/Codetions/Mine/code_test/live-rooms-platform/api-gateway/app/Models/Customer.php(40): Illuminate\\Database\\Eloquent\\Model->belongsTo('App\\\\Models\\\\cust...', 'member_settings...', 'id')
#6 /Users/spidey/Codetions/Mine/code_test/live-rooms-platform/api-gateway/vendor/laravel/framework/src/Illuminate/Database/Eloquent/Builder.php(690): App\\Models\\Customer->member()
#7 /Users/spidey/Codetions/Mine/code_test/live-rooms-platform/api-gateway/vendor/laravel/framework/src/Illuminate/Database/Eloquent/Relations/Relation.php(106): Illuminate\\Database\\Eloquent\\Builder->Illuminate\\Database\\Eloquent\\{closure}()
#8 /Users/spidey/Codetions/Mine/code_test/live-rooms-platform/api-gateway/vendor/laravel/framework/src/Illuminate/Database/Eloquent/Builder.php(688): Illuminate\\Database\\Eloquent\\Relations\\Relation::noConstraints(Object(Closure))
#9 /Users/spidey/Codetions/Mine/code_test/live-rooms-platform/api-gateway/vendor/laravel/framework/src/Illuminate/Database/Eloquent/Builder.php(662): Illuminate\\Database\\Eloquent\\Builder->getRelation('member')
#10 /Users/spidey/Codetions/Mine/code_test/live-rooms-platform/api-gateway/vendor/laravel/framework/src/Illuminate/Database/Eloquent/Builder.php(642): Illuminate\\Database\\Eloquent\\Builder->eagerLoadRelation(Array, 'member', Object(Closure))
#11 /Users/spidey/Codetions/Mine/code_test/live-rooms-platform/api-gateway/vendor/laravel/framework/src/Illuminate/Database/Eloquent/Builder.php(610): Illuminate\\Database\\Eloquent\\Builder->eagerLoadRelations(Array)
#12 /Users/spidey/Codetions/Mine/code_test/live-rooms-platform/api-gateway/vendor/laravel/framework/src/Illuminate/Database/Concerns/BuildsQueries.php(294): Illuminate\\Database\\Eloquent\\Builder->get(Array)
#13 /Users/spidey/Codetions/Mine/code_test/live-rooms-platform/api-gateway/Domain/api/user/customer/Services/AuthServices.php(37): Illuminate\\Database\\Eloquent\\Builder->first()
#14 /Users/spidey/Codetions/Mine/code_test/live-rooms-platform/api-gateway/Domain/api/user/customer/Controllers/Auth.php(22): Domain\\api\\user\\customer\\Services\\AuthServices->login(Object(Illuminate\\Http\\Request))
#15 /Users/spidey/Codetions/Mine/code_test/live-rooms-platform/api-gateway/vendor/laravel/framework/src/Illuminate/Routing/Controller.php(54): Domain\\api\\user\\customer\\Controllers\\CustomerController->login(Object(Illuminate\\Http\\Request), Object(Domain\\api\\user\\customer\\Services\\AuthServices))
#16 /Users/spidey/Codetions/Mine/code_test/live-rooms-platform/api-gateway/vendor/laravel/framework/src/Illuminate/Routing/ControllerDispatcher.php(45): Illuminate\\Routing\\Controller->callAction('login', Array)
#17 /Users/spidey/Codetions/Mine/code_test/live-rooms-platform/api-gateway/vendor/laravel/framework/src/Illuminate/Routing/Route.php(261): Illuminate\\Routing\\ControllerDispatcher->dispatch(Object(Illuminate\\Routing\\Route), Object(Domain\\api\\user\\customer\\Controllers\\CustomerController), 'login')
#18 /Users/spidey/Codetions/Mine/code_test/live-rooms-platform/api-gateway/vendor/laravel/framework/src/Illuminate/Routing/Route.php(205): Illuminate\\Routing\\Route->runController()
#19 /Users/spidey/Codetions/Mine/code_test/live-rooms-platform/api-gateway/vendor/laravel/framework/src/Illuminate/Routing/Router.php(721): Illuminate\\Routing\\Route->run()
#20 /Users/spidey/Codetions/Mine/code_test/live-rooms-platform/api-gateway/vendor/laravel/framework/src/Illuminate/Pipeline/Pipeline.php(128): Illuminate\\Routing\\Router->Illuminate\\Routing\\{closure}(Object(Illuminate\\Http\\Request))
#21 /Users/spidey/Codetions/Mine/code_test/live-rooms-platform/api-gateway/vendor/laravel/framework/src/Illuminate/Routing/Middleware/SubstituteBindings.php(50): Illuminate\\Pipeline\\Pipeline->Illuminate\\Pipeline\\{closure}(Object(Illuminate\\Http\\Request))
#22 /Users/spidey/Codetions/Mine/code_test/live-rooms-platform/api-gateway/vendor/laravel/framework/src/Illuminate/Pipeline/Pipeline.php(167): Illuminate\\Routing\\Middleware\\SubstituteBindings->handle(Object(Illuminate\\Http\\Request), Object(Closure))
#23 /Users/spidey/Codetions/Mine/code_test/live-rooms-platform/api-gateway/vendor/laravel/framework/src/Illuminate/Routing/Middleware/ThrottleRequests.php(127): Illuminate\\Pipeline\\Pipeline->Illuminate\\Pipeline\\{closure}(Object(Illuminate\\Http\\Request))
#24 /Users/spidey/Codetions/Mine/code_test/live-rooms-platform/api-gateway/vendor/laravel/framework/src/Illuminate/Routing/Middleware/ThrottleRequests.php(93): Illuminate\\Routing\\Middleware\\ThrottleRequests->handleRequest(Object(Illuminate\\Http\\Request), Object(Closure), Array)
#25 /Users/spidey/Codetions/Mine/code_test/live-rooms-platform/api-gateway/vendor/laravel/framework/src/Illuminate/Routing/Middleware/ThrottleRequests.php(55): Illuminate\\Routing\\Middleware\\ThrottleRequests->handleRequestUsingNamedLimiter(Object(Illuminate\\Http\\Request), Object(Closure), 'api', Object(Closure))
#26 /Users/spidey/Codetions/Mine/code_test/live-rooms-platform/api-gateway/vendor/laravel/framework/src/Illuminate/Pipeline/Pipeline.php(167): Illuminate\\Routing\\Middleware\\ThrottleRequests->handle(Object(Illuminate\\Http\\Request), Object(Closure), 'api')
#27 /Users/spidey/Codetions/Mine/code_test/live-rooms-platform/api-gateway/vendor/laravel/framework/src/Illuminate/Pipeline/Pipeline.php(103): Illuminate\\Pipeline\\Pipeline->Illuminate\\Pipeline\\{closure}(Object(Illuminate\\Http\\Request))
#28 /Users/spidey/Codetions/Mine/code_test/live-rooms-platform/api-gateway/vendor/laravel/framework/src/Illuminate/Routing/Router.php(719): Illuminate\\Pipeline\\Pipeline->then(Object(Closure))
#29 /Users/spidey/Codetions/Mine/code_test/live-rooms-platform/api-gateway/vendor/laravel/framework/src/Illuminate/Routing/Router.php(698): Illuminate\\Routing\\Router->runRouteWithinStack(Object(Illuminate\\Routing\\Route), Object(Illuminate\\Http\\Request))
#30 /Users/spidey/Codetions/Mine/code_test/live-rooms-platform/api-gateway/vendor/laravel/framework/src/Illuminate/Routing/Router.php(662): Illuminate\\Routing\\Router->runRoute(Object(Illuminate\\Http\\Request), Object(Illuminate\\Routing\\Route))
#31 /Users/spidey/Codetions/Mine/code_test/live-rooms-platform/api-gateway/vendor/laravel/framework/src/Illuminate/Routing/Router.php(651): Illuminate\\Routing\\Router->dispatchToRoute(Object(Illuminate\\Http\\Request))
#32 /Users/spidey/Codetions/Mine/code_test/live-rooms-platform/api-gateway/vendor/laravel/framework/src/Illuminate/Foundation/Http/Kernel.php(167): Illuminate\\Routing\\Router->dispatch(Object(Illuminate\\Http\\Request))
#33 /Users/spidey/Codetions/Mine/code_test/live-rooms-platform/api-gateway/vendor/laravel/framework/src/Illuminate/Pipeline/Pipeline.php(128): Illuminate\\Foundation\\Http\\Kernel->Illuminate\\Foundation\\Http\\{closure}(Object(Illuminate\\Http\\Request))
#34 /Users/spidey/Codetions/Mine/code_test/live-rooms-platform/api-gateway/app/Http/Middleware/CorsMiddleware.php(19): Illuminate\\Pipeline\\Pipeline->Illuminate\\Pipeline\\{closure}(Object(Illuminate\\Http\\Request))
#35 /Users/spidey/Codetions/Mine/code_test/live-rooms-platform/api-gateway/vendor/laravel/framework/src/Illuminate/Pipeline/Pipeline.php(167): App\\Http\\Middleware\\CorsMiddleware->handle(Object(Illuminate\\Http\\Request), Object(Closure))
#36 /Users/spidey/Codetions/Mine/code_test/live-rooms-platform/api-gateway/vendor/laravel/framework/src/Illuminate/Foundation/Http/Middleware/TransformsRequest.php(21): Illuminate\\Pipeline\\Pipeline->Illuminate\\Pipeline\\{closure}(Object(Illuminate\\Http\\Request))
#37 /Users/spidey/Codetions/Mine/code_test/live-rooms-platform/api-gateway/vendor/laravel/framework/src/Illuminate/Foundation/Http/Middleware/ConvertEmptyStringsToNull.php(31): Illuminate\\Foundation\\Http\\Middleware\\TransformsRequest->handle(Object(Illuminate\\Http\\Request), Object(Closure))
#38 /Users/spidey/Codetions/Mine/code_test/live-rooms-platform/api-gateway/vendor/laravel/framework/src/Illuminate/Pipeline/Pipeline.php(167): Illuminate\\Foundation\\Http\\Middleware\\ConvertEmptyStringsToNull->handle(Object(Illuminate\\Http\\Request), Object(Closure))
#39 /Users/spidey/Codetions/Mine/code_test/live-rooms-platform/api-gateway/vendor/laravel/framework/src/Illuminate/Foundation/Http/Middleware/TransformsRequest.php(21): Illuminate\\Pipeline\\Pipeline->Illuminate\\Pipeline\\{closure}(Object(Illuminate\\Http\\Request))
#40 /Users/spidey/Codetions/Mine/code_test/live-rooms-platform/api-gateway/vendor/laravel/framework/src/Illuminate/Foundation/Http/Middleware/TrimStrings.php(40): Illuminate\\Foundation\\Http\\Middleware\\TransformsRequest->handle(Object(Illuminate\\Http\\Request), Object(Closure))
#41 /Users/spidey/Codetions/Mine/code_test/live-rooms-platform/api-gateway/vendor/laravel/framework/src/Illuminate/Pipeline/Pipeline.php(167): Illuminate\\Foundation\\Http\\Middleware\\TrimStrings->handle(Object(Illuminate\\Http\\Request), Object(Closure))
#42 /Users/spidey/Codetions/Mine/code_test/live-rooms-platform/api-gateway/vendor/laravel/framework/src/Illuminate/Foundation/Http/Middleware/ValidatePostSize.php(27): Illuminate\\Pipeline\\Pipeline->Illuminate\\Pipeline\\{closure}(Object(Illuminate\\Http\\Request))
#43 /Users/spidey/Codetions/Mine/code_test/live-rooms-platform/api-gateway/vendor/laravel/framework/src/Illuminate/Pipeline/Pipeline.php(167): Illuminate\\Foundation\\Http\\Middleware\\ValidatePostSize->handle(Object(Illuminate\\Http\\Request), Object(Closure))
#44 /Users/spidey/Codetions/Mine/code_test/live-rooms-platform/api-gateway/vendor/laravel/framework/src/Illuminate/Foundation/Http/Middleware/PreventRequestsDuringMaintenance.php(86): Illuminate\\Pipeline\\Pipeline->Illuminate\\Pipeline\\{closure}(Object(Illuminate\\Http\\Request))
#45 /Users/spidey/Codetions/Mine/code_test/live-rooms-platform/api-gateway/vendor/laravel/framework/src/Illuminate/Pipeline/Pipeline.php(167): Illuminate\\Foundation\\Http\\Middleware\\PreventRequestsDuringMaintenance->handle(Object(Illuminate\\Http\\Request), Object(Closure))
#46 /Users/spidey/Codetions/Mine/code_test/live-rooms-platform/api-gateway/vendor/fruitcake/laravel-cors/src/HandleCors.php(52): Illuminate\\Pipeline\\Pipeline->Illuminate\\Pipeline\\{closure}(Object(Illuminate\\Http\\Request))
#47 /Users/spidey/Codetions/Mine/code_test/live-rooms-platform/api-gateway/vendor/laravel/framework/src/Illuminate/Pipeline/Pipeline.php(167): Fruitcake\\Cors\\HandleCors->handle(Object(Illuminate\\Http\\Request), Object(Closure))
#48 /Users/spidey/Codetions/Mine/code_test/live-rooms-platform/api-gateway/vendor/laravel/framework/src/Illuminate/Http/Middleware/TrustProxies.php(39): Illuminate\\Pipeline\\Pipeline->Illuminate\\Pipeline\\{closure}(Object(Illuminate\\Http\\Request))
#49 /Users/spidey/Codetions/Mine/code_test/live-rooms-platform/api-gateway/vendor/laravel/framework/src/Illuminate/Pipeline/Pipeline.php(167): Illuminate\\Http\\Middleware\\TrustProxies->handle(Object(Illuminate\\Http\\Request), Object(Closure))
#50 /Users/spidey/Codetions/Mine/code_test/live-rooms-platform/api-gateway/vendor/laravel/framework/src/Illuminate/Pipeline/Pipeline.php(103): Illuminate\\Pipeline\\Pipeline->Illuminate\\Pipeline\\{closure}(Object(Illuminate\\Http\\Request))
#51 /Users/spidey/Codetions/Mine/code_test/live-rooms-platform/api-gateway/vendor/laravel/framework/src/Illuminate/Foundation/Http/Kernel.php(142): Illuminate\\Pipeline\\Pipeline->then(Object(Closure))
#52 /Users/spidey/Codetions/Mine/code_test/live-rooms-platform/api-gateway/vendor/laravel/framework/src/Illuminate/Foundation/Http/Kernel.php(111): Illuminate\\Foundation\\Http\\Kernel->sendRequestThroughRouter(Object(Illuminate\\Http\\Request))
#53 /Users/spidey/Codetions/Mine/code_test/live-rooms-platform/api-gateway/public/index.php(51): Illuminate\\Foundation\\Http\\Kernel->handle(Object(Illuminate\\Http\\Request))
#54 /Users/spidey/Codetions/Mine/code_test/live-rooms-platform/api-gateway/server.php(21): require_once('/Users/spidey/C...')
#55 {main}
"} 
[2025-06-14 11:38:51] local.ERROR: Trait "App\Http\Controllers\GatherSystemMetrics" not found {"exception":"[object] (Symfony\\Component\\ErrorHandler\\Error\\FatalError(code: 0): Trait \"App\\Http\\Controllers\\GatherSystemMetrics\" not found at /Users/spidey/Codetions/Mine/code_test/live-rooms-platform/live-room-service/app/Console/Commands/GatherSystemMetrics.php:8)
[stacktrace]
#0 {main}
"} 
[2025-06-15 21:52:19] local.ERROR: syntax error, unexpected token "," {"exception":"[object] (ParseError(code: 0): syntax error, unexpected token \",\" at /Users/spidey/Codetions/Mine/code_test/live-rooms-platform/live-room-service/database/seeders/RoomSeeder.php:162)
[stacktrace]
#0 /Users/spidey/Codetions/Mine/code_test/live-rooms-platform/live-room-service/vendor/composer/ClassLoader.php(427): Composer\\Autoload\\{closure}('/Users/spidey/C...')
#1 [internal function]: Composer\\Autoload\\ClassLoader->loadClass('Database\\\\Seeder...')
#2 /Users/spidey/Codetions/Mine/code_test/live-rooms-platform/live-room-service/vendor/laravel/framework/src/Illuminate/Container/Container.php(877): ReflectionClass->__construct('Database\\\\Seeder...')
#3 /Users/spidey/Codetions/Mine/code_test/live-rooms-platform/live-room-service/vendor/laravel/framework/src/Illuminate/Container/Container.php(758): Illuminate\\Container\\Container->build('Database\\\\Seeder...')
#4 /Users/spidey/Codetions/Mine/code_test/live-rooms-platform/live-room-service/vendor/laravel/framework/src/Illuminate/Foundation/Application.php(853): Illuminate\\Container\\Container->resolve('Database\\\\Seeder...', Array, true)
#5 /Users/spidey/Codetions/Mine/code_test/live-rooms-platform/live-room-service/vendor/laravel/framework/src/Illuminate/Container/Container.php(694): Illuminate\\Foundation\\Application->resolve('Database\\\\Seeder...', Array)
#6 /Users/spidey/Codetions/Mine/code_test/live-rooms-platform/live-room-service/vendor/laravel/framework/src/Illuminate/Foundation/Application.php(838): Illuminate\\Container\\Container->make('Database\\\\Seeder...', Array)
#7 /Users/spidey/Codetions/Mine/code_test/live-rooms-platform/live-room-service/vendor/laravel/framework/src/Illuminate/Database/Seeder.php(94): Illuminate\\Foundation\\Application->make('Database\\\\Seeder...')
#8 /Users/spidey/Codetions/Mine/code_test/live-rooms-platform/live-room-service/vendor/laravel/framework/src/Illuminate/Database/Seeder.php(39): Illuminate\\Database\\Seeder->resolve('Database\\\\Seeder...')
#9 /Users/spidey/Codetions/Mine/code_test/live-rooms-platform/live-room-service/database/seeders/DatabaseSeeder.php(16): Illuminate\\Database\\Seeder->call('Database\\\\Seeder...')
#10 /Users/spidey/Codetions/Mine/code_test/live-rooms-platform/live-room-service/vendor/laravel/framework/src/Illuminate/Container/BoundMethod.php(36): Database\\Seeders\\DatabaseSeeder->run()
#11 /Users/spidey/Codetions/Mine/code_test/live-rooms-platform/live-room-service/vendor/laravel/framework/src/Illuminate/Container/Util.php(40): Illuminate\\Container\\BoundMethod::Illuminate\\Container\\{closure}()
#12 /Users/spidey/Codetions/Mine/code_test/live-rooms-platform/live-room-service/vendor/laravel/framework/src/Illuminate/Container/BoundMethod.php(93): Illuminate\\Container\\Util::unwrapIfClosure(Object(Closure))
#13 /Users/spidey/Codetions/Mine/code_test/live-rooms-platform/live-room-service/vendor/laravel/framework/src/Illuminate/Container/BoundMethod.php(35): Illuminate\\Container\\BoundMethod::callBoundMethod(Object(Illuminate\\Foundation\\Application), Array, Object(Closure))
#14 /Users/spidey/Codetions/Mine/code_test/live-rooms-platform/live-room-service/vendor/laravel/framework/src/Illuminate/Container/Container.php(653): Illuminate\\Container\\BoundMethod::call(Object(Illuminate\\Foundation\\Application), Array, Array, NULL)
#15 /Users/spidey/Codetions/Mine/code_test/live-rooms-platform/live-room-service/vendor/laravel/framework/src/Illuminate/Database/Seeder.php(149): Illuminate\\Container\\Container->call(Array, Array)
#16 /Users/spidey/Codetions/Mine/code_test/live-rooms-platform/live-room-service/vendor/laravel/framework/src/Illuminate/Database/Console/Seeds/SeedCommand.php(66): Illuminate\\Database\\Seeder->__invoke()
#17 /Users/spidey/Codetions/Mine/code_test/live-rooms-platform/live-room-service/vendor/laravel/framework/src/Illuminate/Database/Eloquent/Concerns/GuardsAttributes.php(157): Illuminate\\Database\\Console\\Seeds\\SeedCommand->Illuminate\\Database\\Console\\Seeds\\{closure}()
#18 /Users/spidey/Codetions/Mine/code_test/live-rooms-platform/live-room-service/vendor/laravel/framework/src/Illuminate/Database/Console/Seeds/SeedCommand.php(65): Illuminate\\Database\\Eloquent\\Model::unguarded(Object(Closure))
#19 /Users/spidey/Codetions/Mine/code_test/live-rooms-platform/live-room-service/vendor/laravel/framework/src/Illuminate/Container/BoundMethod.php(36): Illuminate\\Database\\Console\\Seeds\\SeedCommand->handle()
#20 /Users/spidey/Codetions/Mine/code_test/live-rooms-platform/live-room-service/vendor/laravel/framework/src/Illuminate/Container/Util.php(40): Illuminate\\Container\\BoundMethod::Illuminate\\Container\\{closure}()
#21 /Users/spidey/Codetions/Mine/code_test/live-rooms-platform/live-room-service/vendor/laravel/framework/src/Illuminate/Container/BoundMethod.php(93): Illuminate\\Container\\Util::unwrapIfClosure(Object(Closure))
#22 /Users/spidey/Codetions/Mine/code_test/live-rooms-platform/live-room-service/vendor/laravel/framework/src/Illuminate/Container/BoundMethod.php(35): Illuminate\\Container\\BoundMethod::callBoundMethod(Object(Illuminate\\Foundation\\Application), Array, Object(Closure))
#23 /Users/spidey/Codetions/Mine/code_test/live-rooms-platform/live-room-service/vendor/laravel/framework/src/Illuminate/Container/Container.php(653): Illuminate\\Container\\BoundMethod::call(Object(Illuminate\\Foundation\\Application), Array, Array, NULL)
#24 /Users/spidey/Codetions/Mine/code_test/live-rooms-platform/live-room-service/vendor/laravel/framework/src/Illuminate/Console/Command.php(136): Illuminate\\Container\\Container->call(Array)
#25 /Users/spidey/Codetions/Mine/code_test/live-rooms-platform/live-room-service/vendor/symfony/console/Command/Command.php(298): Illuminate\\Console\\Command->execute(Object(Symfony\\Component\\Console\\Input\\ArgvInput), Object(Illuminate\\Console\\OutputStyle))
#26 /Users/spidey/Codetions/Mine/code_test/live-rooms-platform/live-room-service/vendor/laravel/framework/src/Illuminate/Console/Command.php(120): Symfony\\Component\\Console\\Command\\Command->run(Object(Symfony\\Component\\Console\\Input\\ArgvInput), Object(Illuminate\\Console\\OutputStyle))
#27 /Users/spidey/Codetions/Mine/code_test/live-rooms-platform/live-room-service/vendor/symfony/console/Application.php(1040): Illuminate\\Console\\Command->run(Object(Symfony\\Component\\Console\\Input\\ArgvInput), Object(Symfony\\Component\\Console\\Output\\ConsoleOutput))
#28 /Users/spidey/Codetions/Mine/code_test/live-rooms-platform/live-room-service/vendor/symfony/console/Application.php(301): Symfony\\Component\\Console\\Application->doRunCommand(Object(Illuminate\\Database\\Console\\Seeds\\SeedCommand), Object(Symfony\\Component\\Console\\Input\\ArgvInput), Object(Symfony\\Component\\Console\\Output\\ConsoleOutput))
#29 /Users/spidey/Codetions/Mine/code_test/live-rooms-platform/live-room-service/vendor/symfony/console/Application.php(171): Symfony\\Component\\Console\\Application->doRun(Object(Symfony\\Component\\Console\\Input\\ArgvInput), Object(Symfony\\Component\\Console\\Output\\ConsoleOutput))
#30 /Users/spidey/Codetions/Mine/code_test/live-rooms-platform/live-room-service/vendor/laravel/framework/src/Illuminate/Console/Application.php(94): Symfony\\Component\\Console\\Application->run(Object(Symfony\\Component\\Console\\Input\\ArgvInput), Object(Symfony\\Component\\Console\\Output\\ConsoleOutput))
#31 /Users/spidey/Codetions/Mine/code_test/live-rooms-platform/live-room-service/vendor/laravel/framework/src/Illuminate/Foundation/Console/Kernel.php(129): Illuminate\\Console\\Application->run(Object(Symfony\\Component\\Console\\Input\\ArgvInput), Object(Symfony\\Component\\Console\\Output\\ConsoleOutput))
#32 /Users/spidey/Codetions/Mine/code_test/live-rooms-platform/live-room-service/artisan(35): Illuminate\\Foundation\\Console\\Kernel->handle(Object(Symfony\\Component\\Console\\Input\\ArgvInput), Object(Symfony\\Component\\Console\\Output\\ConsoleOutput))
#33 {main}
"} 
